ERROR|16/Jun/2021 12:21:45|log|476|24308|Internal Server Error: /get_post_location/
Traceback (most recent call last):
  File "C:\Users\younity-2\AppData\Local\Programs\Python\Python38\lib\site-packages\django\utils\datastructures.py", line 78, in __getitem__
    list_ = super().__getitem__(key)
KeyError: 'organization'

During handling of the above exception, another exception occurred:

Traceback (most recent call last):
  File "C:\Users\younity-2\AppData\Local\Programs\Python\Python38\lib\site-packages\django\core\handlers\exception.py", line 34, in inner
    response = get_response(request)
  File "C:\Users\younity-2\AppData\Local\Programs\Python\Python38\lib\site-packages\django\core\handlers\base.py", line 115, in _get_response
    response = self.process_exception_by_middleware(e, request)
  File "C:\Users\younity-2\AppData\Local\Programs\Python\Python38\lib\site-packages\django\core\handlers\base.py", line 113, in _get_response
    response = wrapped_callback(request, *callback_args, **callback_kwargs)
  File "C:\Users\younity-2\AppData\Local\Programs\Python\Python38\lib\site-packages\django\views\decorators\csrf.py", line 54, in wrapped_view
    return view_func(*args, **kwargs)
  File "C:\Users\younity-2\AppData\Local\Programs\Python\Python38\lib\site-packages\django\views\generic\base.py", line 71, in view
    return self.dispatch(request, *args, **kwargs)
  File "C:\Users\younity-2\AppData\Local\Programs\Python\Python38\lib\site-packages\rest_framework\views.py", line 505, in dispatch
    response = self.handle_exception(exc)
  File "C:\Users\younity-2\AppData\Local\Programs\Python\Python38\lib\site-packages\rest_framework\views.py", line 465, in handle_exception
    self.raise_uncaught_exception(exc)
  File "C:\Users\younity-2\AppData\Local\Programs\Python\Python38\lib\site-packages\rest_framework\views.py", line 476, in raise_uncaught_exception
    raise exc
  File "C:\Users\younity-2\AppData\Local\Programs\Python\Python38\lib\site-packages\rest_framework\views.py", line 502, in dispatch
    response = handler(request, *args, **kwargs)
  File "C:\Users\younity-2\Desktop\mobilitysqr_staging\mobility_apps\master\views\country.py", line 482, in post
    if Location_Master.objects.filter(organization=request.data['organization'],location_code=request.data['location_code']).exists():
  File "C:\Users\younity-2\AppData\Local\Programs\Python\Python38\lib\site-packages\django\utils\datastructures.py", line 80, in __getitem__
    raise MultiValueDictKeyError(key)
django.utils.datastructures.MultiValueDictKeyError: 'organization'
ERROR|16/Jun/2021 12:21:45|basehttp|476|24308|"POST /get_post_location/ HTTP/1.1" 500 18960
ERROR|16/Jun/2021 12:22:33|log|20772|23404|Internal Server Error: /get_post_location/
Traceback (most recent call last):
  File "C:\Users\younity-2\AppData\Local\Programs\Python\Python38\lib\site-packages\django\utils\datastructures.py", line 78, in __getitem__
    list_ = super().__getitem__(key)
KeyError: 'organization'

During handling of the above exception, another exception occurred:

Traceback (most recent call last):
  File "C:\Users\younity-2\AppData\Local\Programs\Python\Python38\lib\site-packages\django\core\handlers\exception.py", line 34, in inner
    response = get_response(request)
  File "C:\Users\younity-2\AppData\Local\Programs\Python\Python38\lib\site-packages\django\core\handlers\base.py", line 115, in _get_response
    response = self.process_exception_by_middleware(e, request)
  File "C:\Users\younity-2\AppData\Local\Programs\Python\Python38\lib\site-packages\django\core\handlers\base.py", line 113, in _get_response
    response = wrapped_callback(request, *callback_args, **callback_kwargs)
  File "C:\Users\younity-2\AppData\Local\Programs\Python\Python38\lib\site-packages\django\views\decorators\csrf.py", line 54, in wrapped_view
    return view_func(*args, **kwargs)
  File "C:\Users\younity-2\AppData\Local\Programs\Python\Python38\lib\site-packages\django\views\generic\base.py", line 71, in view
    return self.dispatch(request, *args, **kwargs)
  File "C:\Users\younity-2\AppData\Local\Programs\Python\Python38\lib\site-packages\rest_framework\views.py", line 505, in dispatch
    response = self.handle_exception(exc)
  File "C:\Users\younity-2\AppData\Local\Programs\Python\Python38\lib\site-packages\rest_framework\views.py", line 465, in handle_exception
    self.raise_uncaught_exception(exc)
  File "C:\Users\younity-2\AppData\Local\Programs\Python\Python38\lib\site-packages\rest_framework\views.py", line 476, in raise_uncaught_exception
    raise exc
  File "C:\Users\younity-2\AppData\Local\Programs\Python\Python38\lib\site-packages\rest_framework\views.py", line 502, in dispatch
    response = handler(request, *args, **kwargs)
  File "C:\Users\younity-2\Desktop\mobilitysqr_staging\mobility_apps\master\views\country.py", line 481, in post
    print("-----------------------",request.data['organization'])
  File "C:\Users\younity-2\AppData\Local\Programs\Python\Python38\lib\site-packages\django\utils\datastructures.py", line 80, in __getitem__
    raise MultiValueDictKeyError(key)
django.utils.datastructures.MultiValueDictKeyError: 'organization'
ERROR|16/Jun/2021 12:22:33|basehttp|20772|23404|"POST /get_post_location/ HTTP/1.1" 500 18891
ERROR|16/Jun/2021 12:23:13|log|22224|21120|Internal Server Error: /get_post_location/
Traceback (most recent call last):
  File "C:\Users\younity-2\AppData\Local\Programs\Python\Python38\lib\site-packages\django\utils\datastructures.py", line 78, in __getitem__
    list_ = super().__getitem__(key)
KeyError: 'organization'

During handling of the above exception, another exception occurred:

Traceback (most recent call last):
  File "C:\Users\younity-2\AppData\Local\Programs\Python\Python38\lib\site-packages\django\core\handlers\exception.py", line 34, in inner
    response = get_response(request)
  File "C:\Users\younity-2\AppData\Local\Programs\Python\Python38\lib\site-packages\django\core\handlers\base.py", line 115, in _get_response
    response = self.process_exception_by_middleware(e, request)
  File "C:\Users\younity-2\AppData\Local\Programs\Python\Python38\lib\site-packages\django\core\handlers\base.py", line 113, in _get_response
    response = wrapped_callback(request, *callback_args, **callback_kwargs)
  File "C:\Users\younity-2\AppData\Local\Programs\Python\Python38\lib\site-packages\django\views\decorators\csrf.py", line 54, in wrapped_view
    return view_func(*args, **kwargs)
  File "C:\Users\younity-2\AppData\Local\Programs\Python\Python38\lib\site-packages\django\views\generic\base.py", line 71, in view
    return self.dispatch(request, *args, **kwargs)
  File "C:\Users\younity-2\AppData\Local\Programs\Python\Python38\lib\site-packages\rest_framework\views.py", line 505, in dispatch
    response = self.handle_exception(exc)
  File "C:\Users\younity-2\AppData\Local\Programs\Python\Python38\lib\site-packages\rest_framework\views.py", line 465, in handle_exception
    self.raise_uncaught_exception(exc)
  File "C:\Users\younity-2\AppData\Local\Programs\Python\Python38\lib\site-packages\rest_framework\views.py", line 476, in raise_uncaught_exception
    raise exc
  File "C:\Users\younity-2\AppData\Local\Programs\Python\Python38\lib\site-packages\rest_framework\views.py", line 502, in dispatch
    response = handler(request, *args, **kwargs)
  File "C:\Users\younity-2\Desktop\mobilitysqr_staging\mobility_apps\master\views\country.py", line 481, in post
    print("-----------------------",request.data['organization'])
  File "C:\Users\younity-2\AppData\Local\Programs\Python\Python38\lib\site-packages\django\utils\datastructures.py", line 80, in __getitem__
    raise MultiValueDictKeyError(key)
django.utils.datastructures.MultiValueDictKeyError: 'organization'
ERROR|16/Jun/2021 12:23:13|basehttp|22224|21120|"POST /get_post_location/ HTTP/1.1" 500 18891
ERROR|16/Jun/2021 12:23:41|log|22400|9888|Internal Server Error: /get_post_location/
Traceback (most recent call last):
  File "C:\Users\younity-2\AppData\Local\Programs\Python\Python38\lib\site-packages\django\utils\datastructures.py", line 78, in __getitem__
    list_ = super().__getitem__(key)
KeyError: 'organization'

During handling of the above exception, another exception occurred:

Traceback (most recent call last):
  File "C:\Users\younity-2\AppData\Local\Programs\Python\Python38\lib\site-packages\django\core\handlers\exception.py", line 34, in inner
    response = get_response(request)
  File "C:\Users\younity-2\AppData\Local\Programs\Python\Python38\lib\site-packages\django\core\handlers\base.py", line 115, in _get_response
    response = self.process_exception_by_middleware(e, request)
  File "C:\Users\younity-2\AppData\Local\Programs\Python\Python38\lib\site-packages\django\core\handlers\base.py", line 113, in _get_response
    response = wrapped_callback(request, *callback_args, **callback_kwargs)
  File "C:\Users\younity-2\AppData\Local\Programs\Python\Python38\lib\site-packages\django\views\decorators\csrf.py", line 54, in wrapped_view
    return view_func(*args, **kwargs)
  File "C:\Users\younity-2\AppData\Local\Programs\Python\Python38\lib\site-packages\django\views\generic\base.py", line 71, in view
    return self.dispatch(request, *args, **kwargs)
  File "C:\Users\younity-2\AppData\Local\Programs\Python\Python38\lib\site-packages\rest_framework\views.py", line 505, in dispatch
    response = self.handle_exception(exc)
  File "C:\Users\younity-2\AppData\Local\Programs\Python\Python38\lib\site-packages\rest_framework\views.py", line 465, in handle_exception
    self.raise_uncaught_exception(exc)
  File "C:\Users\younity-2\AppData\Local\Programs\Python\Python38\lib\site-packages\rest_framework\views.py", line 476, in raise_uncaught_exception
    raise exc
  File "C:\Users\younity-2\AppData\Local\Programs\Python\Python38\lib\site-packages\rest_framework\views.py", line 502, in dispatch
    response = handler(request, *args, **kwargs)
  File "C:\Users\younity-2\Desktop\mobilitysqr_staging\mobility_apps\master\views\country.py", line 481, in post
    print("-----------------------",request.data["organization"])
  File "C:\Users\younity-2\AppData\Local\Programs\Python\Python38\lib\site-packages\django\utils\datastructures.py", line 80, in __getitem__
    raise MultiValueDictKeyError(key)
django.utils.datastructures.MultiValueDictKeyError: 'organization'
ERROR|16/Jun/2021 12:23:41|basehttp|22400|9888|"POST /get_post_location/ HTTP/1.1" 500 18891
ERROR|16/Jun/2021 12:25:04|log|20004|20536|Internal Server Error: /get_post_location/
Traceback (most recent call last):
  File "C:\Users\younity-2\AppData\Local\Programs\Python\Python38\lib\site-packages\django\utils\datastructures.py", line 78, in __getitem__
    list_ = super().__getitem__(key)
KeyError: 'organization'

During handling of the above exception, another exception occurred:

Traceback (most recent call last):
  File "C:\Users\younity-2\AppData\Local\Programs\Python\Python38\lib\site-packages\django\core\handlers\exception.py", line 34, in inner
    response = get_response(request)
  File "C:\Users\younity-2\AppData\Local\Programs\Python\Python38\lib\site-packages\django\core\handlers\base.py", line 115, in _get_response
    response = self.process_exception_by_middleware(e, request)
  File "C:\Users\younity-2\AppData\Local\Programs\Python\Python38\lib\site-packages\django\core\handlers\base.py", line 113, in _get_response
    response = wrapped_callback(request, *callback_args, **callback_kwargs)
  File "C:\Users\younity-2\AppData\Local\Programs\Python\Python38\lib\site-packages\django\views\decorators\csrf.py", line 54, in wrapped_view
    return view_func(*args, **kwargs)
  File "C:\Users\younity-2\AppData\Local\Programs\Python\Python38\lib\site-packages\django\views\generic\base.py", line 71, in view
    return self.dispatch(request, *args, **kwargs)
  File "C:\Users\younity-2\AppData\Local\Programs\Python\Python38\lib\site-packages\rest_framework\views.py", line 505, in dispatch
    response = self.handle_exception(exc)
  File "C:\Users\younity-2\AppData\Local\Programs\Python\Python38\lib\site-packages\rest_framework\views.py", line 465, in handle_exception
    self.raise_uncaught_exception(exc)
  File "C:\Users\younity-2\AppData\Local\Programs\Python\Python38\lib\site-packages\rest_framework\views.py", line 476, in raise_uncaught_exception
    raise exc
  File "C:\Users\younity-2\AppData\Local\Programs\Python\Python38\lib\site-packages\rest_framework\views.py", line 502, in dispatch
    response = handler(request, *args, **kwargs)
  File "C:\Users\younity-2\Desktop\mobilitysqr_staging\mobility_apps\master\views\country.py", line 482, in post
    if Location_Master.objects.filter(organization=request.data['organization'],location_code=request.data['location_code']).exists():
  File "C:\Users\younity-2\AppData\Local\Programs\Python\Python38\lib\site-packages\django\utils\datastructures.py", line 80, in __getitem__
    raise MultiValueDictKeyError(key)
django.utils.datastructures.MultiValueDictKeyError: 'organization'
ERROR|16/Jun/2021 12:25:04|basehttp|20004|20536|"POST /get_post_location/ HTTP/1.1" 500 18960
ERROR|16/Jun/2021 12:26:48|log|1880|8908|Internal Server Error: /get_post_location/
Traceback (most recent call last):
  File "C:\Users\younity-2\AppData\Local\Programs\Python\Python38\lib\site-packages\rest_framework\request.py", line 409, in __getattr__
    return getattr(self._request, attr)
AttributeError: 'WSGIRequest' object has no attribute 'get'

During handling of the above exception, another exception occurred:

Traceback (most recent call last):
  File "C:\Users\younity-2\AppData\Local\Programs\Python\Python38\lib\site-packages\django\core\handlers\exception.py", line 34, in inner
    response = get_response(request)
  File "C:\Users\younity-2\AppData\Local\Programs\Python\Python38\lib\site-packages\django\core\handlers\base.py", line 115, in _get_response
    response = self.process_exception_by_middleware(e, request)
  File "C:\Users\younity-2\AppData\Local\Programs\Python\Python38\lib\site-packages\django\core\handlers\base.py", line 113, in _get_response
    response = wrapped_callback(request, *callback_args, **callback_kwargs)
  File "C:\Users\younity-2\AppData\Local\Programs\Python\Python38\lib\site-packages\django\views\decorators\csrf.py", line 54, in wrapped_view
    return view_func(*args, **kwargs)
  File "C:\Users\younity-2\AppData\Local\Programs\Python\Python38\lib\site-packages\django\views\generic\base.py", line 71, in view
    return self.dispatch(request, *args, **kwargs)
  File "C:\Users\younity-2\AppData\Local\Programs\Python\Python38\lib\site-packages\rest_framework\views.py", line 505, in dispatch
    response = self.handle_exception(exc)
  File "C:\Users\younity-2\AppData\Local\Programs\Python\Python38\lib\site-packages\rest_framework\views.py", line 465, in handle_exception
    self.raise_uncaught_exception(exc)
  File "C:\Users\younity-2\AppData\Local\Programs\Python\Python38\lib\site-packages\rest_framework\views.py", line 476, in raise_uncaught_exception
    raise exc
  File "C:\Users\younity-2\AppData\Local\Programs\Python\Python38\lib\site-packages\rest_framework\views.py", line 502, in dispatch
    response = handler(request, *args, **kwargs)
  File "C:\Users\younity-2\Desktop\mobilitysqr_staging\mobility_apps\master\views\country.py", line 481, in post
    print("-----------------------",request.get('organization'))
  File "C:\Users\younity-2\AppData\Local\Programs\Python\Python38\lib\site-packages\rest_framework\request.py", line 411, in __getattr__
    return self.__getattribute__(attr)
AttributeError: 'Request' object has no attribute 'get'
ERROR|16/Jun/2021 12:26:48|basehttp|1880|8908|"POST /get_post_location/ HTTP/1.1" 500 18949
ERROR|16/Jun/2021 12:27:09|log|14148|9396|Internal Server Error: /get_post_location/
Traceback (most recent call last):
  File "C:\Users\younity-2\AppData\Local\Programs\Python\Python38\lib\site-packages\django\utils\datastructures.py", line 78, in __getitem__
    list_ = super().__getitem__(key)
KeyError: 'organization'

During handling of the above exception, another exception occurred:

Traceback (most recent call last):
  File "C:\Users\younity-2\AppData\Local\Programs\Python\Python38\lib\site-packages\django\core\handlers\exception.py", line 34, in inner
    response = get_response(request)
  File "C:\Users\younity-2\AppData\Local\Programs\Python\Python38\lib\site-packages\django\core\handlers\base.py", line 115, in _get_response
    response = self.process_exception_by_middleware(e, request)
  File "C:\Users\younity-2\AppData\Local\Programs\Python\Python38\lib\site-packages\django\core\handlers\base.py", line 113, in _get_response
    response = wrapped_callback(request, *callback_args, **callback_kwargs)
  File "C:\Users\younity-2\AppData\Local\Programs\Python\Python38\lib\site-packages\django\views\decorators\csrf.py", line 54, in wrapped_view
    return view_func(*args, **kwargs)
  File "C:\Users\younity-2\AppData\Local\Programs\Python\Python38\lib\site-packages\django\views\generic\base.py", line 71, in view
    return self.dispatch(request, *args, **kwargs)
  File "C:\Users\younity-2\AppData\Local\Programs\Python\Python38\lib\site-packages\rest_framework\views.py", line 505, in dispatch
    response = self.handle_exception(exc)
  File "C:\Users\younity-2\AppData\Local\Programs\Python\Python38\lib\site-packages\rest_framework\views.py", line 465, in handle_exception
    self.raise_uncaught_exception(exc)
  File "C:\Users\younity-2\AppData\Local\Programs\Python\Python38\lib\site-packages\rest_framework\views.py", line 476, in raise_uncaught_exception
    raise exc
  File "C:\Users\younity-2\AppData\Local\Programs\Python\Python38\lib\site-packages\rest_framework\views.py", line 502, in dispatch
    response = handler(request, *args, **kwargs)
  File "C:\Users\younity-2\Desktop\mobilitysqr_staging\mobility_apps\master\views\country.py", line 482, in post
    if Location_Master.objects.filter(organization=request.data['organization'],location_code=request.data['location_code']).exists():
  File "C:\Users\younity-2\AppData\Local\Programs\Python\Python38\lib\site-packages\django\utils\datastructures.py", line 80, in __getitem__
    raise MultiValueDictKeyError(key)
django.utils.datastructures.MultiValueDictKeyError: 'organization'
ERROR|16/Jun/2021 12:27:09|basehttp|14148|9396|"POST /get_post_location/ HTTP/1.1" 500 18960
ERROR|16/Jun/2021 12:27:50|log|21964|24356|Internal Server Error: /get_post_location/
Traceback (most recent call last):
  File "C:\Users\younity-2\AppData\Local\Programs\Python\Python38\lib\site-packages\django\utils\datastructures.py", line 78, in __getitem__
    list_ = super().__getitem__(key)
KeyError: 'organization'

During handling of the above exception, another exception occurred:

Traceback (most recent call last):
  File "C:\Users\younity-2\AppData\Local\Programs\Python\Python38\lib\site-packages\django\core\handlers\exception.py", line 34, in inner
    response = get_response(request)
  File "C:\Users\younity-2\AppData\Local\Programs\Python\Python38\lib\site-packages\django\core\handlers\base.py", line 115, in _get_response
    response = self.process_exception_by_middleware(e, request)
  File "C:\Users\younity-2\AppData\Local\Programs\Python\Python38\lib\site-packages\django\core\handlers\base.py", line 113, in _get_response
    response = wrapped_callback(request, *callback_args, **callback_kwargs)
  File "C:\Users\younity-2\AppData\Local\Programs\Python\Python38\lib\site-packages\django\views\decorators\csrf.py", line 54, in wrapped_view
    return view_func(*args, **kwargs)
  File "C:\Users\younity-2\AppData\Local\Programs\Python\Python38\lib\site-packages\django\views\generic\base.py", line 71, in view
    return self.dispatch(request, *args, **kwargs)
  File "C:\Users\younity-2\AppData\Local\Programs\Python\Python38\lib\site-packages\rest_framework\views.py", line 505, in dispatch
    response = self.handle_exception(exc)
  File "C:\Users\younity-2\AppData\Local\Programs\Python\Python38\lib\site-packages\rest_framework\views.py", line 465, in handle_exception
    self.raise_uncaught_exception(exc)
  File "C:\Users\younity-2\AppData\Local\Programs\Python\Python38\lib\site-packages\rest_framework\views.py", line 476, in raise_uncaught_exception
    raise exc
  File "C:\Users\younity-2\AppData\Local\Programs\Python\Python38\lib\site-packages\rest_framework\views.py", line 502, in dispatch
    response = handler(request, *args, **kwargs)
  File "C:\Users\younity-2\Desktop\mobilitysqr_staging\mobility_apps\master\views\country.py", line 482, in post
    if Location_Master.objects.filter(organization=request.data['organization'],location_code=request.data['location_code']).exists():
  File "C:\Users\younity-2\AppData\Local\Programs\Python\Python38\lib\site-packages\django\utils\datastructures.py", line 80, in __getitem__
    raise MultiValueDictKeyError(key)
django.utils.datastructures.MultiValueDictKeyError: 'organization'
ERROR|16/Jun/2021 12:27:50|basehttp|21964|24356|"POST /get_post_location/ HTTP/1.1" 500 18960
ERROR|16/Jun/2021 12:28:41|log|22364|23924|Internal Server Error: /get_post_location/
Traceback (most recent call last):
  File "C:\Users\younity-2\AppData\Local\Programs\Python\Python38\lib\site-packages\django\utils\datastructures.py", line 78, in __getitem__
    list_ = super().__getitem__(key)
KeyError: 'organization'

During handling of the above exception, another exception occurred:

Traceback (most recent call last):
  File "C:\Users\younity-2\AppData\Local\Programs\Python\Python38\lib\site-packages\django\core\handlers\exception.py", line 34, in inner
    response = get_response(request)
  File "C:\Users\younity-2\AppData\Local\Programs\Python\Python38\lib\site-packages\django\core\handlers\base.py", line 115, in _get_response
    response = self.process_exception_by_middleware(e, request)
  File "C:\Users\younity-2\AppData\Local\Programs\Python\Python38\lib\site-packages\django\core\handlers\base.py", line 113, in _get_response
    response = wrapped_callback(request, *callback_args, **callback_kwargs)
  File "C:\Users\younity-2\AppData\Local\Programs\Python\Python38\lib\site-packages\django\views\decorators\csrf.py", line 54, in wrapped_view
    return view_func(*args, **kwargs)
  File "C:\Users\younity-2\AppData\Local\Programs\Python\Python38\lib\site-packages\django\views\generic\base.py", line 71, in view
    return self.dispatch(request, *args, **kwargs)
  File "C:\Users\younity-2\AppData\Local\Programs\Python\Python38\lib\site-packages\rest_framework\views.py", line 505, in dispatch
    response = self.handle_exception(exc)
  File "C:\Users\younity-2\AppData\Local\Programs\Python\Python38\lib\site-packages\rest_framework\views.py", line 465, in handle_exception
    self.raise_uncaught_exception(exc)
  File "C:\Users\younity-2\AppData\Local\Programs\Python\Python38\lib\site-packages\rest_framework\views.py", line 476, in raise_uncaught_exception
    raise exc
  File "C:\Users\younity-2\AppData\Local\Programs\Python\Python38\lib\site-packages\rest_framework\views.py", line 502, in dispatch
    response = handler(request, *args, **kwargs)
  File "C:\Users\younity-2\Desktop\mobilitysqr_staging\mobility_apps\master\views\country.py", line 482, in post
    if Location_Master.objects.filter(organization=request.data['organization'],location_code=request.data['location_code']).exists():
  File "C:\Users\younity-2\AppData\Local\Programs\Python\Python38\lib\site-packages\django\utils\datastructures.py", line 80, in __getitem__
    raise MultiValueDictKeyError(key)
django.utils.datastructures.MultiValueDictKeyError: 'organization'
ERROR|16/Jun/2021 12:28:41|basehttp|22364|23924|"POST /get_post_location/ HTTP/1.1" 500 18960
ERROR|16/Jun/2021 12:39:16|log|23328|17292|Internal Server Error: /get_post_location/
Traceback (most recent call last):
  File "C:\Users\younity-2\AppData\Local\Programs\Python\Python38\lib\site-packages\django\core\handlers\exception.py", line 34, in inner
    response = get_response(request)
  File "C:\Users\younity-2\AppData\Local\Programs\Python\Python38\lib\site-packages\django\core\handlers\base.py", line 115, in _get_response
    response = self.process_exception_by_middleware(e, request)
  File "C:\Users\younity-2\AppData\Local\Programs\Python\Python38\lib\site-packages\django\core\handlers\base.py", line 113, in _get_response
    response = wrapped_callback(request, *callback_args, **callback_kwargs)
  File "C:\Users\younity-2\AppData\Local\Programs\Python\Python38\lib\site-packages\django\views\decorators\csrf.py", line 54, in wrapped_view
    return view_func(*args, **kwargs)
  File "C:\Users\younity-2\AppData\Local\Programs\Python\Python38\lib\site-packages\django\views\generic\base.py", line 71, in view
    return self.dispatch(request, *args, **kwargs)
  File "C:\Users\younity-2\AppData\Local\Programs\Python\Python38\lib\site-packages\rest_framework\views.py", line 505, in dispatch
    response = self.handle_exception(exc)
  File "C:\Users\younity-2\AppData\Local\Programs\Python\Python38\lib\site-packages\rest_framework\views.py", line 465, in handle_exception
    self.raise_uncaught_exception(exc)
  File "C:\Users\younity-2\AppData\Local\Programs\Python\Python38\lib\site-packages\rest_framework\views.py", line 476, in raise_uncaught_exception
    raise exc
  File "C:\Users\younity-2\AppData\Local\Programs\Python\Python38\lib\site-packages\rest_framework\views.py", line 502, in dispatch
    response = handler(request, *args, **kwargs)
  File "C:\Users\younity-2\Desktop\mobilitysqr_staging\mobility_apps\master\views\country.py", line 482, in post
    if Location_Master.objects.filter(organization=request.data['organization'],location_code=request.data['location_code']).exists():
KeyError: 'organization'
ERROR|16/Jun/2021 12:39:16|basehttp|23328|17292|"POST /get_post_location/ HTTP/1.1" 500 18029
ERROR|16/Jun/2021 12:40:06|log|23328|17292|Internal Server Error: /get_post_location/
Traceback (most recent call last):
  File "C:\Users\younity-2\AppData\Local\Programs\Python\Python38\lib\site-packages\django\core\handlers\exception.py", line 34, in inner
    response = get_response(request)
  File "C:\Users\younity-2\AppData\Local\Programs\Python\Python38\lib\site-packages\django\core\handlers\base.py", line 115, in _get_response
    response = self.process_exception_by_middleware(e, request)
  File "C:\Users\younity-2\AppData\Local\Programs\Python\Python38\lib\site-packages\django\core\handlers\base.py", line 113, in _get_response
    response = wrapped_callback(request, *callback_args, **callback_kwargs)
  File "C:\Users\younity-2\AppData\Local\Programs\Python\Python38\lib\site-packages\django\views\decorators\csrf.py", line 54, in wrapped_view
    return view_func(*args, **kwargs)
  File "C:\Users\younity-2\AppData\Local\Programs\Python\Python38\lib\site-packages\django\views\generic\base.py", line 71, in view
    return self.dispatch(request, *args, **kwargs)
  File "C:\Users\younity-2\AppData\Local\Programs\Python\Python38\lib\site-packages\rest_framework\views.py", line 505, in dispatch
    response = self.handle_exception(exc)
  File "C:\Users\younity-2\AppData\Local\Programs\Python\Python38\lib\site-packages\rest_framework\views.py", line 465, in handle_exception
    self.raise_uncaught_exception(exc)
  File "C:\Users\younity-2\AppData\Local\Programs\Python\Python38\lib\site-packages\rest_framework\views.py", line 476, in raise_uncaught_exception
    raise exc
  File "C:\Users\younity-2\AppData\Local\Programs\Python\Python38\lib\site-packages\rest_framework\views.py", line 502, in dispatch
    response = handler(request, *args, **kwargs)
  File "C:\Users\younity-2\Desktop\mobilitysqr_staging\mobility_apps\master\views\country.py", line 482, in post
    if Location_Master.objects.filter(organization=request.data['organization'],location_code=request.data['location_code']).exists():
KeyError: 'organization'
ERROR|16/Jun/2021 12:40:06|basehttp|23328|17292|"POST /get_post_location/ HTTP/1.1" 500 18029
ERROR|16/Jun/2021 12:44:52|log|20572|1556|Internal Server Error: /get_post_location/
Traceback (most recent call last):
  File "C:\Users\younity-2\AppData\Local\Programs\Python\Python38\lib\site-packages\django\core\handlers\exception.py", line 34, in inner
    response = get_response(request)
  File "C:\Users\younity-2\AppData\Local\Programs\Python\Python38\lib\site-packages\django\core\handlers\base.py", line 115, in _get_response
    response = self.process_exception_by_middleware(e, request)
  File "C:\Users\younity-2\AppData\Local\Programs\Python\Python38\lib\site-packages\django\core\handlers\base.py", line 113, in _get_response
    response = wrapped_callback(request, *callback_args, **callback_kwargs)
  File "C:\Users\younity-2\AppData\Local\Programs\Python\Python38\lib\site-packages\django\views\decorators\csrf.py", line 54, in wrapped_view
    return view_func(*args, **kwargs)
  File "C:\Users\younity-2\AppData\Local\Programs\Python\Python38\lib\site-packages\django\views\generic\base.py", line 71, in view
    return self.dispatch(request, *args, **kwargs)
  File "C:\Users\younity-2\AppData\Local\Programs\Python\Python38\lib\site-packages\rest_framework\views.py", line 505, in dispatch
    response = self.handle_exception(exc)
  File "C:\Users\younity-2\AppData\Local\Programs\Python\Python38\lib\site-packages\rest_framework\views.py", line 465, in handle_exception
    self.raise_uncaught_exception(exc)
  File "C:\Users\younity-2\AppData\Local\Programs\Python\Python38\lib\site-packages\rest_framework\views.py", line 476, in raise_uncaught_exception
    raise exc
  File "C:\Users\younity-2\AppData\Local\Programs\Python\Python38\lib\site-packages\rest_framework\views.py", line 502, in dispatch
    response = handler(request, *args, **kwargs)
  File "C:\Users\younity-2\Desktop\mobilitysqr_staging\mobility_apps\master\views\country.py", line 482, in post
    if Location_Master.objects.filter(organization=request.data['organization'],location_code=request.data['location_code']).exists():
KeyError: 'organization'
ERROR|16/Jun/2021 12:44:52|basehttp|20572|1556|"POST /get_post_location/ HTTP/1.1" 500 18029
ERROR|16/Jun/2021 12:45:12|log|312|23308|Internal Server Error: /get_post_location/
Traceback (most recent call last):
  File "C:\Users\younity-2\AppData\Local\Programs\Python\Python38\lib\site-packages\django\core\handlers\exception.py", line 34, in inner
    response = get_response(request)
  File "C:\Users\younity-2\AppData\Local\Programs\Python\Python38\lib\site-packages\django\core\handlers\base.py", line 115, in _get_response
    response = self.process_exception_by_middleware(e, request)
  File "C:\Users\younity-2\AppData\Local\Programs\Python\Python38\lib\site-packages\django\core\handlers\base.py", line 113, in _get_response
    response = wrapped_callback(request, *callback_args, **callback_kwargs)
  File "C:\Users\younity-2\AppData\Local\Programs\Python\Python38\lib\site-packages\django\views\decorators\csrf.py", line 54, in wrapped_view
    return view_func(*args, **kwargs)
  File "C:\Users\younity-2\AppData\Local\Programs\Python\Python38\lib\site-packages\django\views\generic\base.py", line 71, in view
    return self.dispatch(request, *args, **kwargs)
  File "C:\Users\younity-2\AppData\Local\Programs\Python\Python38\lib\site-packages\rest_framework\views.py", line 505, in dispatch
    response = self.handle_exception(exc)
  File "C:\Users\younity-2\AppData\Local\Programs\Python\Python38\lib\site-packages\rest_framework\views.py", line 465, in handle_exception
    self.raise_uncaught_exception(exc)
  File "C:\Users\younity-2\AppData\Local\Programs\Python\Python38\lib\site-packages\rest_framework\views.py", line 476, in raise_uncaught_exception
    raise exc
  File "C:\Users\younity-2\AppData\Local\Programs\Python\Python38\lib\site-packages\rest_framework\views.py", line 502, in dispatch
    response = handler(request, *args, **kwargs)
  File "C:\Users\younity-2\Desktop\mobilitysqr_staging\mobility_apps\master\views\country.py", line 483, in post
    message1={"message": "FAILED","status_code": 400,"status": false,"data": {"location_code": ["Location Master with this location code already exists."]}}
NameError: name 'false' is not defined
ERROR|16/Jun/2021 12:45:12|basehttp|312|23308|"POST /get_post_location/ HTTP/1.1" 500 18083
