ERROR|16/Apr/2021 12:09:09|exception|32582|140507644999424|Invalid HTTP_HOST header: ''. The domain name provided is not valid according to RFC 1034/1035.
ERROR|16/Apr/2021 12:57:42|exception|32582|140507644999424|Invalid HTTP_HOST header: ''. The domain name provided is not valid according to RFC 1034/1035.
ERROR|16/Apr/2021 13:40:24|exception|32582|140507595437824|Invalid HTTP_HOST header: ''. The domain name provided is not valid according to RFC 1034/1035.
ERROR|16/Apr/2021 14:44:21|basehttp|32582|140507627951872|"GET /config/getuser?index=0 HTTP/1.1" 500 59
ERROR|16/Apr/2021 15:42:31|exception|32582|140507221055232|Invalid HTTP_HOST header: ''. The domain name provided is not valid according to RFC 1034/1035.
ERROR|16/Apr/2021 16:01:06|exception|32582|140507221055232|Invalid HTTP_HOST header: ''. The domain name provided is not valid according to RFC 1034/1035.
ERROR|16/Apr/2021 18:15:01|exception|32582|140507221055232|Invalid HTTP_HOST header: ''. The domain name provided is not valid according to RFC 1034/1035.
ERROR|16/Apr/2021 18:31:40|exception|32582|140507221055232|Invalid HTTP_HOST header: ''. The domain name provided is not valid according to RFC 1034/1035.
ERROR|16/Apr/2021 18:39:28|exception|32582|140507221055232|Invalid HTTP_HOST header: ''. The domain name provided is not valid according to RFC 1034/1035.
ERROR|16/Apr/2021 18:48:23|exception|32582|140507221055232|Invalid HTTP_HOST header: ''. The domain name provided is not valid according to RFC 1034/1035.
ERROR|16/Apr/2021 19:01:28|exception|32582|140507221055232|Invalid HTTP_HOST header: ''. The domain name provided is not valid according to RFC 1034/1035.
ERROR|16/Apr/2021 19:05:54|exception|32582|140507221055232|Invalid HTTP_HOST header: ''. The domain name provided is not valid according to RFC 1034/1035.
ERROR|16/Apr/2021 20:59:16|basehttp|32582|140507221055232|You're accessing the development server over HTTPS, but it only supports HTTP.

ERROR|16/Apr/2021 21:33:45|exception|32582|140507644999424|Invalid HTTP_HOST header: ''. The domain name provided is not valid according to RFC 1034/1035.
ERROR|16/Apr/2021 21:46:21|exception|32582|140507644999424|Invalid HTTP_HOST header: ''. The domain name provided is not valid according to RFC 1034/1035.
ERROR|16/Apr/2021 22:55:28|exception|32582|140507644999424|Invalid HTTP_HOST header: ''. The domain name provided is not valid according to RFC 1034/1035.
ERROR|17/Apr/2021 00:13:22|exception|32582|140507644999424|Invalid HTTP_HOST header: ''. The domain name provided is not valid according to RFC 1034/1035.
ERROR|17/Apr/2021 00:15:22|exception|32582|140507644999424|Invalid HTTP_HOST header: ''. The domain name provided is not valid according to RFC 1034/1035.
ERROR|17/Apr/2021 02:07:10|exception|32582|140507644999424|Invalid HTTP_HOST header: ''. The domain name provided is not valid according to RFC 1034/1035.
ERROR|17/Apr/2021 02:30:45|basehttp|32582|140507644999424|You're accessing the development server over HTTPS, but it only supports HTTP.

ERROR|17/Apr/2021 02:44:05|exception|32582|140507644999424|Invalid HTTP_HOST header: ''. The domain name provided is not valid according to RFC 1034/1035.
ERROR|17/Apr/2021 02:49:21|exception|32582|140507644999424|Invalid HTTP_HOST header: ''. The domain name provided is not valid according to RFC 1034/1035.
ERROR|17/Apr/2021 02:54:23|exception|32582|140507644999424|Invalid HTTP_HOST header: ''. The domain name provided is not valid according to RFC 1034/1035.
ERROR|17/Apr/2021 04:56:04|basehttp|32582|140507644999424|You're accessing the development server over HTTPS, but it only supports HTTP.

ERROR|17/Apr/2021 05:30:45|exception|32582|140507644999424|Invalid HTTP_HOST header: ''. The domain name provided is not valid according to RFC 1034/1035.
ERROR|17/Apr/2021 06:29:16|exception|32582|140507644999424|Invalid HTTP_HOST header: ''. The domain name provided is not valid according to RFC 1034/1035.
ERROR|17/Apr/2021 06:54:48|exception|32582|140507644999424|Invalid HTTP_HOST header: ''. The domain name provided is not valid according to RFC 1034/1035.
ERROR|17/Apr/2021 07:55:42|basehttp|32582|140507644999424|"GET /config/getuser?index=0 HTTP/1.1" 500 59
ERROR|17/Apr/2021 08:12:17|exception|32582|140507644999424|Invalid HTTP_HOST header: ''. The domain name provided is not valid according to RFC 1034/1035.
ERROR|17/Apr/2021 08:12:17|basehttp|32582|140507644999424|"GET /manager/html HTTP/1.1" 500 59
ERROR|17/Apr/2021 08:50:23|exception|32582|140507644999424|Invalid HTTP_HOST header: ''. The domain name provided is not valid according to RFC 1034/1035.
ERROR|17/Apr/2021 09:59:08|exception|32582|140507644999424|Invalid HTTP_HOST header: ''. The domain name provided is not valid according to RFC 1034/1035.
ERROR|17/Apr/2021 10:12:05|exception|32582|140507644999424|Invalid HTTP_HOST header: ''. The domain name provided is not valid according to RFC 1034/1035.
ERROR|17/Apr/2021 10:41:17|exception|32582|140507644999424|Invalid HTTP_HOST header: ''. The domain name provided is not valid according to RFC 1034/1035.
ERROR|17/Apr/2021 10:48:12|exception|32582|140507644999424|Invalid HTTP_HOST header: ''. The domain name provided is not valid according to RFC 1034/1035.
ERROR|17/Apr/2021 12:14:38|exception|32582|140507644999424|Invalid HTTP_HOST header: ''. The domain name provided is not valid according to RFC 1034/1035.
ERROR|17/Apr/2021 13:33:21|exception|32582|140507644999424|Invalid HTTP_HOST header: ''. The domain name provided is not valid according to RFC 1034/1035.
ERROR|17/Apr/2021 13:44:58|exception|32582|140507644999424|Invalid HTTP_HOST header: ''. The domain name provided is not valid according to RFC 1034/1035.
ERROR|17/Apr/2021 13:57:26|exception|32582|140507644999424|Invalid HTTP_HOST header: ''. The domain name provided is not valid according to RFC 1034/1035.
ERROR|17/Apr/2021 16:13:33|exception|32582|140507644999424|Invalid HTTP_HOST header: ''. The domain name provided is not valid according to RFC 1034/1035.
ERROR|17/Apr/2021 17:50:02|exception|32582|140507644999424|Invalid HTTP_HOST header: ''. The domain name provided is not valid according to RFC 1034/1035.
ERROR|17/Apr/2021 18:41:12|exception|32582|140507644999424|Invalid HTTP_HOST header: ''. The domain name provided is not valid according to RFC 1034/1035.
ERROR|17/Apr/2021 19:01:24|exception|32582|140507644999424|Invalid HTTP_HOST header: ''. The domain name provided is not valid according to RFC 1034/1035.
ERROR|17/Apr/2021 20:31:25|basehttp|32582|140507644999424|"GET /config/getuser?index=0 HTTP/1.1" 500 59
ERROR|17/Apr/2021 20:34:35|exception|32582|140507644999424|Invalid HTTP_HOST header: ''. The domain name provided is not valid according to RFC 1034/1035.
ERROR|17/Apr/2021 20:44:57|exception|32582|140507644999424|Invalid HTTP_HOST header: ''. The domain name provided is not valid according to RFC 1034/1035.
ERROR|17/Apr/2021 21:14:38|exception|32582|140507221055232|Invalid HTTP_HOST header: ''. The domain name provided is not valid according to RFC 1034/1035.
ERROR|17/Apr/2021 21:44:14|exception|32582|140507221055232|Invalid HTTP_HOST header: ''. The domain name provided is not valid according to RFC 1034/1035.
ERROR|17/Apr/2021 21:46:27|exception|32582|140507221055232|Invalid HTTP_HOST header: ''. The domain name provided is not valid according to RFC 1034/1035.
ERROR|17/Apr/2021 22:13:30|exception|32582|140507221055232|Invalid HTTP_HOST header: ''. The domain name provided is not valid according to RFC 1034/1035.
ERROR|17/Apr/2021 22:42:23|exception|32582|140507221055232|Invalid HTTP_HOST header: ''. The domain name provided is not valid according to RFC 1034/1035.
ERROR|17/Apr/2021 23:14:36|exception|32582|140507221055232|Invalid HTTP_HOST header: ''. The domain name provided is not valid according to RFC 1034/1035.
ERROR|17/Apr/2021 23:46:20|exception|32582|140507221055232|Invalid HTTP_HOST header: ''. The domain name provided is not valid according to RFC 1034/1035.
ERROR|18/Apr/2021 00:14:28|exception|32582|140507221055232|Invalid HTTP_HOST header: ''. The domain name provided is not valid according to RFC 1034/1035.
ERROR|18/Apr/2021 00:18:23|exception|32582|140507221055232|Invalid HTTP_HOST header: ''. The domain name provided is not valid according to RFC 1034/1035.
ERROR|18/Apr/2021 00:35:30|exception|32582|140507221055232|Invalid HTTP_HOST header: ''. The domain name provided is not valid according to RFC 1034/1035.
ERROR|18/Apr/2021 00:43:59|basehttp|32582|140507221055232|You're accessing the development server over HTTPS, but it only supports HTTP.

ERROR|18/Apr/2021 00:47:12|basehttp|32582|140507221055232|You're accessing the development server over HTTPS, but it only supports HTTP.

ERROR|18/Apr/2021 00:47:13|basehttp|32582|140507221055232|You're accessing the development server over HTTPS, but it only supports HTTP.

ERROR|18/Apr/2021 00:47:13|basehttp|32582|140507221055232|You're accessing the development server over HTTPS, but it only supports HTTP.

ERROR|18/Apr/2021 00:47:13|basehttp|32582|140507221055232|You're accessing the development server over HTTPS, but it only supports HTTP.

ERROR|18/Apr/2021 00:47:13|basehttp|32582|140507221055232|You're accessing the development server over HTTPS, but it only supports HTTP.

ERROR|18/Apr/2021 00:47:13|basehttp|32582|140507221055232|You're accessing the development server over HTTPS, but it only supports HTTP.

ERROR|18/Apr/2021 00:47:13|basehttp|32582|140507221055232|You're accessing the development server over HTTPS, but it only supports HTTP.

ERROR|18/Apr/2021 00:47:13|basehttp|32582|140507221055232|You're accessing the development server over HTTPS, but it only supports HTTP.

ERROR|18/Apr/2021 00:47:13|basehttp|32582|140507221055232|You're accessing the development server over HTTPS, but it only supports HTTP.

ERROR|18/Apr/2021 00:47:13|basehttp|32582|140507221055232|You're accessing the development server over HTTPS, but it only supports HTTP.

ERROR|18/Apr/2021 00:47:51|exception|32582|140507221055232|Invalid HTTP_HOST header: ''. The domain name provided is not valid according to RFC 1034/1035.
ERROR|18/Apr/2021 01:17:06|exception|32582|140507221055232|Invalid HTTP_HOST header: ''. The domain name provided is not valid according to RFC 1034/1035.
ERROR|18/Apr/2021 01:37:10|exception|32582|140507221055232|Invalid HTTP_HOST header: ''. The domain name provided is not valid according to RFC 1034/1035.
ERROR|18/Apr/2021 01:48:09|exception|32582|140507221055232|Invalid HTTP_HOST header: ''. The domain name provided is not valid according to RFC 1034/1035.
ERROR|18/Apr/2021 02:18:12|exception|32582|140507221055232|Invalid HTTP_HOST header: ''. The domain name provided is not valid according to RFC 1034/1035.
ERROR|18/Apr/2021 02:49:48|exception|32582|140507221055232|Invalid HTTP_HOST header: ''. The domain name provided is not valid according to RFC 1034/1035.
ERROR|18/Apr/2021 03:06:22|exception|32582|140507221055232|Invalid HTTP_HOST header: ''. The domain name provided is not valid according to RFC 1034/1035.
ERROR|18/Apr/2021 03:06:22|basehttp|32582|140507221055232|"GET /manager/html HTTP/1.1" 500 59
ERROR|18/Apr/2021 03:15:32|exception|32582|140507221055232|Invalid HTTP_HOST header: ''. The domain name provided is not valid according to RFC 1034/1035.
ERROR|18/Apr/2021 03:21:01|exception|32582|140507221055232|Invalid HTTP_HOST header: ''. The domain name provided is not valid according to RFC 1034/1035.
ERROR|18/Apr/2021 03:38:47|basehttp|32582|140507221055232|"GET /config/getuser?index=0 HTTP/1.1" 500 59
ERROR|18/Apr/2021 03:52:51|exception|32582|140507221055232|Invalid HTTP_HOST header: ''. The domain name provided is not valid according to RFC 1034/1035.
ERROR|18/Apr/2021 04:28:56|exception|32582|140507221055232|Invalid HTTP_HOST header: ''. The domain name provided is not valid according to RFC 1034/1035.
ERROR|18/Apr/2021 04:58:19|basehttp|32582|140507221055232|"GET /config/getuser?index=0 HTTP/1.1" 500 59
ERROR|18/Apr/2021 04:58:54|exception|32582|140507221055232|Invalid HTTP_HOST header: ''. The domain name provided is not valid according to RFC 1034/1035.
ERROR|18/Apr/2021 05:33:25|exception|32582|140507221055232|Invalid HTTP_HOST header: ''. The domain name provided is not valid according to RFC 1034/1035.
ERROR|18/Apr/2021 05:49:56|exception|32582|140507221055232|Invalid HTTP_HOST header: ''. The domain name provided is not valid according to RFC 1034/1035.
ERROR|18/Apr/2021 06:03:35|exception|32582|140507221055232|Invalid HTTP_HOST header: ''. The domain name provided is not valid according to RFC 1034/1035.
ERROR|18/Apr/2021 06:34:44|exception|32582|140507221055232|Invalid HTTP_HOST header: ''. The domain name provided is not valid according to RFC 1034/1035.
ERROR|18/Apr/2021 06:44:10|exception|32582|140507221055232|Invalid HTTP_HOST header: ''. The domain name provided is not valid according to RFC 1034/1035.
ERROR|18/Apr/2021 07:06:51|exception|32582|140507221055232|Invalid HTTP_HOST header: ''. The domain name provided is not valid according to RFC 1034/1035.
ERROR|18/Apr/2021 07:40:49|exception|32582|140507221055232|Invalid HTTP_HOST header: ''. The domain name provided is not valid according to RFC 1034/1035.
ERROR|18/Apr/2021 08:02:01|basehttp|32582|140507221055232|You're accessing the development server over HTTPS, but it only supports HTTP.

ERROR|18/Apr/2021 08:10:34|exception|32582|140507221055232|Invalid HTTP_HOST header: ''. The domain name provided is not valid according to RFC 1034/1035.
ERROR|18/Apr/2021 08:23:22|exception|32582|140507221055232|Invalid HTTP_HOST header: ''. The domain name provided is not valid according to RFC 1034/1035.
ERROR|18/Apr/2021 08:31:38|exception|32582|140507221055232|Invalid HTTP_HOST header: ''. The domain name provided is not valid according to RFC 1034/1035.
ERROR|18/Apr/2021 08:31:38|basehttp|32582|140507221055232|"GET /manager/html HTTP/1.1" 500 59
ERROR|18/Apr/2021 08:41:56|exception|32582|140507221055232|Invalid HTTP_HOST header: ''. The domain name provided is not valid according to RFC 1034/1035.
ERROR|18/Apr/2021 09:14:05|exception|32582|140507221055232|Invalid HTTP_HOST header: ''. The domain name provided is not valid according to RFC 1034/1035.
ERROR|18/Apr/2021 10:12:42|exception|32582|140507221055232|Invalid HTTP_HOST header: ''. The domain name provided is not valid according to RFC 1034/1035.
ERROR|18/Apr/2021 11:01:24|exception|32582|140507221055232|Invalid HTTP_HOST header: ''. The domain name provided is not valid according to RFC 1034/1035.
ERROR|18/Apr/2021 11:42:56|exception|32582|140507221055232|Invalid HTTP_HOST header: ''. The domain name provided is not valid according to RFC 1034/1035.
ERROR|18/Apr/2021 13:04:44|exception|32582|140507221055232|Invalid HTTP_HOST header: ''. The domain name provided is not valid according to RFC 1034/1035.
ERROR|18/Apr/2021 13:40:17|exception|32582|140507221055232|Invalid HTTP_HOST header: ''. The domain name provided is not valid according to RFC 1034/1035.
ERROR|18/Apr/2021 16:19:16|exception|32582|140507221055232|Invalid HTTP_HOST header: ''. The domain name provided is not valid according to RFC 1034/1035.
ERROR|18/Apr/2021 16:28:05|basehttp|32582|140507644999424|"GET /index.html HTTP/1.1" 500 59
ERROR|18/Apr/2021 17:47:28|exception|32582|140507221055232|Invalid HTTP_HOST header: ''. The domain name provided is not valid according to RFC 1034/1035.
ERROR|18/Apr/2021 17:47:28|basehttp|32582|140507221055232|"GET /manager/html HTTP/1.1" 500 59
ERROR|18/Apr/2021 18:57:15|exception|32582|140507221055232|Invalid HTTP_HOST header: ''. The domain name provided is not valid according to RFC 1034/1035.
ERROR|18/Apr/2021 19:47:02|exception|32582|140507221055232|Invalid HTTP_HOST header: ''. The domain name provided is not valid according to RFC 1034/1035.
ERROR|18/Apr/2021 21:37:48|exception|32582|140507221055232|Invalid HTTP_HOST header: ''. The domain name provided is not valid according to RFC 1034/1035.
ERROR|18/Apr/2021 21:39:06|exception|32582|140507221055232|Invalid HTTP_HOST header: ''. The domain name provided is not valid according to RFC 1034/1035.
ERROR|18/Apr/2021 23:55:50|basehttp|32582|140507644999424|"GET /config/getuser?index=0 HTTP/1.1" 500 59
ERROR|19/Apr/2021 00:21:57|exception|32582|140507644999424|Invalid HTTP_HOST header: ''. The domain name provided is not valid according to RFC 1034/1035.
ERROR|19/Apr/2021 01:00:11|exception|32582|140507644999424|Invalid HTTP_HOST header: ''. The domain name provided is not valid according to RFC 1034/1035.
ERROR|19/Apr/2021 02:25:50|exception|32582|140507644999424|Invalid HTTP_HOST header: ''. The domain name provided is not valid according to RFC 1034/1035.
ERROR|19/Apr/2021 03:06:05|exception|32582|140507644999424|Invalid HTTP_HOST header: ''. The domain name provided is not valid according to RFC 1034/1035.
ERROR|19/Apr/2021 04:09:47|exception|32582|140507644999424|Invalid HTTP_HOST header: ''. The domain name provided is not valid according to RFC 1034/1035.
ERROR|19/Apr/2021 04:19:15|basehttp|32582|140507644999424|"GET /config/getuser?index=0 HTTP/1.1" 500 59
ERROR|19/Apr/2021 04:41:05|exception|32582|140507644999424|Invalid HTTP_HOST header: ''. The domain name provided is not valid according to RFC 1034/1035.
ERROR|19/Apr/2021 05:15:33|exception|32582|140507644999424|Invalid HTTP_HOST header: ''. The domain name provided is not valid according to RFC 1034/1035.
ERROR|19/Apr/2021 05:44:57|exception|32582|140507644999424|Invalid HTTP_HOST header: ''. The domain name provided is not valid according to RFC 1034/1035.
ERROR|19/Apr/2021 05:51:34|exception|32582|140507644999424|Invalid HTTP_HOST header: ''. The domain name provided is not valid according to RFC 1034/1035.
ERROR|19/Apr/2021 05:51:34|basehttp|32582|140507644999424|"GET /manager/html HTTP/1.1" 500 59
ERROR|19/Apr/2021 06:09:45|exception|32582|140507644999424|Invalid HTTP_HOST header: ''. The domain name provided is not valid according to RFC 1034/1035.
ERROR|19/Apr/2021 06:15:49|exception|32582|140507644999424|Invalid HTTP_HOST header: ''. The domain name provided is not valid according to RFC 1034/1035.
ERROR|19/Apr/2021 06:47:30|exception|32582|140507644999424|Invalid HTTP_HOST header: ''. The domain name provided is not valid according to RFC 1034/1035.
ERROR|19/Apr/2021 07:14:15|exception|32582|140507644999424|Invalid HTTP_HOST header: ''. The domain name provided is not valid according to RFC 1034/1035.
ERROR|19/Apr/2021 07:17:30|exception|32582|140507644999424|Invalid HTTP_HOST header: ''. The domain name provided is not valid according to RFC 1034/1035.
ERROR|19/Apr/2021 07:50:16|exception|32582|140507644999424|Invalid HTTP_HOST header: ''. The domain name provided is not valid according to RFC 1034/1035.
ERROR|19/Apr/2021 07:56:33|exception|32582|140507644999424|Invalid HTTP_HOST header: ''. The domain name provided is not valid according to RFC 1034/1035.
ERROR|19/Apr/2021 08:21:24|exception|32582|140507644999424|Invalid HTTP_HOST header: ''. The domain name provided is not valid according to RFC 1034/1035.
ERROR|19/Apr/2021 08:27:37|exception|32582|140507644999424|Invalid HTTP_HOST header: ''. The domain name provided is not valid according to RFC 1034/1035.
ERROR|19/Apr/2021 08:52:46|exception|32582|140507644999424|Invalid HTTP_HOST header: ''. The domain name provided is not valid according to RFC 1034/1035.
ERROR|19/Apr/2021 08:52:46|basehttp|32582|140507644999424|"GET /script HTTP/1.1" 500 59
ERROR|19/Apr/2021 09:23:52|exception|32582|140507644999424|Invalid HTTP_HOST header: ''. The domain name provided is not valid according to RFC 1034/1035.
ERROR|19/Apr/2021 09:37:08|exception|32582|140507644999424|Invalid HTTP_HOST header: ''. The domain name provided is not valid according to RFC 1034/1035.
ERROR|19/Apr/2021 09:40:18|basehttp|32582|140507644999424|You're accessing the development server over HTTPS, but it only supports HTTP.

ERROR|19/Apr/2021 09:54:18|exception|32582|140507644999424|Invalid HTTP_HOST header: ''. The domain name provided is not valid according to RFC 1034/1035.
ERROR|19/Apr/2021 10:24:19|exception|32582|140507644999424|Invalid HTTP_HOST header: ''. The domain name provided is not valid according to RFC 1034/1035.
ERROR|19/Apr/2021 10:53:13|exception|32582|140507644999424|Invalid HTTP_HOST header: ''. The domain name provided is not valid according to RFC 1034/1035.
ERROR|19/Apr/2021 11:00:22|exception|32582|140507644999424|Invalid HTTP_HOST header: ''. The domain name provided is not valid according to RFC 1034/1035.
ERROR|19/Apr/2021 11:06:13|exception|32582|140507644999424|Invalid HTTP_HOST header: ''. The domain name provided is not valid according to RFC 1034/1035.
ERROR|19/Apr/2021 11:32:58|exception|32582|140507644999424|Invalid HTTP_HOST header: ''. The domain name provided is not valid according to RFC 1034/1035.
ERROR|19/Apr/2021 12:05:55|exception|32582|140507644999424|Invalid HTTP_HOST header: ''. The domain name provided is not valid according to RFC 1034/1035.
ERROR|19/Apr/2021 12:05:55|basehttp|32582|140507644999424|"GET /script HTTP/1.1" 500 59
ERROR|19/Apr/2021 12:17:00|exception|32582|140507644999424|Invalid HTTP_HOST header: ''. The domain name provided is not valid according to RFC 1034/1035.
ERROR|19/Apr/2021 12:37:43|exception|32582|140507644999424|Invalid HTTP_HOST header: ''. The domain name provided is not valid according to RFC 1034/1035.
ERROR|19/Apr/2021 13:09:14|exception|32582|140507644999424|Invalid HTTP_HOST header: ''. The domain name provided is not valid according to RFC 1034/1035.
ERROR|19/Apr/2021 13:40:40|exception|32582|140507644999424|Invalid HTTP_HOST header: ''. The domain name provided is not valid according to RFC 1034/1035.
ERROR|19/Apr/2021 13:44:58|exception|32582|140507644999424|Invalid HTTP_HOST header: ''. The domain name provided is not valid according to RFC 1034/1035.
ERROR|19/Apr/2021 14:01:14|basehttp|32582|140507644999424|"GET /config/getuser?index=0 HTTP/1.1" 500 59
ERROR|19/Apr/2021 14:11:17|exception|32582|140507644999424|Invalid HTTP_HOST header: ''. The domain name provided is not valid according to RFC 1034/1035.
ERROR|19/Apr/2021 14:11:17|basehttp|32582|140507644999424|"GET /script HTTP/1.1" 500 59
ERROR|19/Apr/2021 14:41:27|exception|32582|140507644999424|Invalid HTTP_HOST header: ''. The domain name provided is not valid according to RFC 1034/1035.
ERROR|19/Apr/2021 15:12:13|exception|32582|140507644999424|Invalid HTTP_HOST header: ''. The domain name provided is not valid according to RFC 1034/1035.
ERROR|19/Apr/2021 15:42:12|exception|32582|140507644999424|Invalid HTTP_HOST header: ''. The domain name provided is not valid according to RFC 1034/1035.
ERROR|19/Apr/2021 16:03:34|exception|32582|140507644999424|Invalid HTTP_HOST header: ''. The domain name provided is not valid according to RFC 1034/1035.
ERROR|19/Apr/2021 16:14:02|exception|32582|140507644999424|Invalid HTTP_HOST header: ''. The domain name provided is not valid according to RFC 1034/1035.
ERROR|19/Apr/2021 16:22:11|exception|32582|140507644999424|Invalid HTTP_HOST header: ''. The domain name provided is not valid according to RFC 1034/1035.
ERROR|19/Apr/2021 16:46:20|exception|32582|140507644999424|Invalid HTTP_HOST header: ''. The domain name provided is not valid according to RFC 1034/1035.
ERROR|19/Apr/2021 17:17:18|exception|32582|140507644999424|Invalid HTTP_HOST header: ''. The domain name provided is not valid according to RFC 1034/1035.
ERROR|19/Apr/2021 17:47:02|exception|32582|140507644999424|Invalid HTTP_HOST header: ''. The domain name provided is not valid according to RFC 1034/1035.
ERROR|19/Apr/2021 18:11:00|exception|32582|140507644999424|Invalid HTTP_HOST header: ''. The domain name provided is not valid according to RFC 1034/1035.
ERROR|19/Apr/2021 18:19:18|exception|32582|140507644999424|Invalid HTTP_HOST header: ''. The domain name provided is not valid according to RFC 1034/1035.
ERROR|19/Apr/2021 18:31:13|basehttp|32582|140507644999424|You're accessing the development server over HTTPS, but it only supports HTTP.

ERROR|19/Apr/2021 18:50:43|exception|32582|140507644999424|Invalid HTTP_HOST header: ''. The domain name provided is not valid according to RFC 1034/1035.
ERROR|19/Apr/2021 18:50:43|basehttp|32582|140507644999424|"GET /script HTTP/1.1" 500 59
ERROR|19/Apr/2021 19:04:20|exception|32582|140507644999424|Invalid HTTP_HOST header: ''. The domain name provided is not valid according to RFC 1034/1035.
ERROR|19/Apr/2021 19:21:43|exception|32582|140507644999424|Invalid HTTP_HOST header: ''. The domain name provided is not valid according to RFC 1034/1035.
ERROR|19/Apr/2021 19:57:55|exception|32582|140507644999424|Invalid HTTP_HOST header: ''. The domain name provided is not valid according to RFC 1034/1035.
ERROR|19/Apr/2021 19:58:54|exception|32582|140507644999424|Invalid HTTP_HOST header: ''. The domain name provided is not valid according to RFC 1034/1035.
ERROR|19/Apr/2021 20:32:29|exception|32582|140507644999424|Invalid HTTP_HOST header: ''. The domain name provided is not valid according to RFC 1034/1035.
ERROR|19/Apr/2021 21:05:28|exception|32582|140507644999424|Invalid HTTP_HOST header: ''. The domain name provided is not valid according to RFC 1034/1035.
ERROR|19/Apr/2021 21:27:12|exception|32582|140507644999424|Invalid HTTP_HOST header: ''. The domain name provided is not valid according to RFC 1034/1035.
ERROR|19/Apr/2021 21:40:41|exception|32582|140507644999424|Invalid HTTP_HOST header: ''. The domain name provided is not valid according to RFC 1034/1035.
ERROR|19/Apr/2021 21:52:42|exception|32582|140507644999424|Invalid HTTP_HOST header: ''. The domain name provided is not valid according to RFC 1034/1035.
ERROR|19/Apr/2021 22:12:58|exception|32582|140507644999424|Invalid HTTP_HOST header: ''. The domain name provided is not valid according to RFC 1034/1035.
ERROR|19/Apr/2021 22:50:22|exception|32582|140507221055232|Invalid HTTP_HOST header: ''. The domain name provided is not valid according to RFC 1034/1035.
ERROR|19/Apr/2021 22:50:22|basehttp|32582|140507221055232|"GET /script HTTP/1.1" 500 59
ERROR|19/Apr/2021 23:00:32|basehttp|32582|140507221055232|"GET /config/getuser?index=0 HTTP/1.1" 500 59
ERROR|19/Apr/2021 23:01:16|exception|32582|140507221055232|Invalid HTTP_HOST header: ''. The domain name provided is not valid according to RFC 1034/1035.
ERROR|19/Apr/2021 23:21:29|exception|32582|140507221055232|Invalid HTTP_HOST header: ''. The domain name provided is not valid according to RFC 1034/1035.
ERROR|19/Apr/2021 23:52:26|exception|32582|140507221055232|Invalid HTTP_HOST header: ''. The domain name provided is not valid according to RFC 1034/1035.
ERROR|20/Apr/2021 00:27:53|exception|32582|140507221055232|Invalid HTTP_HOST header: ''. The domain name provided is not valid according to RFC 1034/1035.
ERROR|20/Apr/2021 00:35:58|exception|32582|140507221055232|Invalid HTTP_HOST header: ''. The domain name provided is not valid according to RFC 1034/1035.
ERROR|20/Apr/2021 00:59:22|exception|32582|140507221055232|Invalid HTTP_HOST header: ''. The domain name provided is not valid according to RFC 1034/1035.
ERROR|20/Apr/2021 01:32:50|exception|32582|140507221055232|Invalid HTTP_HOST header: ''. The domain name provided is not valid according to RFC 1034/1035.
ERROR|20/Apr/2021 02:03:34|exception|32582|140507221055232|Invalid HTTP_HOST header: ''. The domain name provided is not valid according to RFC 1034/1035.
ERROR|20/Apr/2021 02:35:55|exception|32582|140507221055232|Invalid HTTP_HOST header: ''. The domain name provided is not valid according to RFC 1034/1035.
ERROR|20/Apr/2021 03:07:35|exception|32582|140507221055232|Invalid HTTP_HOST header: ''. The domain name provided is not valid according to RFC 1034/1035.
ERROR|20/Apr/2021 03:19:57|exception|32582|140507221055232|Invalid HTTP_HOST header: ''. The domain name provided is not valid according to RFC 1034/1035.
ERROR|20/Apr/2021 03:39:51|exception|32582|140507221055232|Invalid HTTP_HOST header: ''. The domain name provided is not valid according to RFC 1034/1035.
ERROR|20/Apr/2021 03:48:46|exception|32582|140507221055232|Invalid HTTP_HOST header: ''. The domain name provided is not valid according to RFC 1034/1035.
ERROR|20/Apr/2021 04:10:45|exception|32582|140507221055232|Invalid HTTP_HOST header: ''. The domain name provided is not valid according to RFC 1034/1035.
ERROR|20/Apr/2021 04:43:08|exception|32582|140507221055232|Invalid HTTP_HOST header: ''. The domain name provided is not valid according to RFC 1034/1035.
ERROR|20/Apr/2021 05:13:56|exception|32582|140507221055232|Invalid HTTP_HOST header: ''. The domain name provided is not valid according to RFC 1034/1035.
ERROR|20/Apr/2021 05:47:10|exception|32582|140507221055232|Invalid HTTP_HOST header: ''. The domain name provided is not valid according to RFC 1034/1035.
ERROR|20/Apr/2021 05:48:47|exception|32582|140507221055232|Invalid HTTP_HOST header: ''. The domain name provided is not valid according to RFC 1034/1035.
ERROR|20/Apr/2021 05:58:52|exception|32582|140507221055232|Invalid HTTP_HOST header: ''. The domain name provided is not valid according to RFC 1034/1035.
ERROR|20/Apr/2021 06:20:51|exception|32582|140507221055232|Invalid HTTP_HOST header: ''. The domain name provided is not valid according to RFC 1034/1035.
ERROR|20/Apr/2021 06:30:57|basehttp|32582|140507221055232|You're accessing the development server over HTTPS, but it only supports HTTP.

ERROR|20/Apr/2021 06:30:58|basehttp|32582|140507221055232|You're accessing the development server over HTTPS, but it only supports HTTP.

ERROR|20/Apr/2021 06:31:00|basehttp|32582|140507221055232|"GET /favicon.ico HTTP/1.1" 500 59
ERROR|20/Apr/2021 06:53:30|exception|32582|140507221055232|Invalid HTTP_HOST header: ''. The domain name provided is not valid according to RFC 1034/1035.
ERROR|20/Apr/2021 07:28:20|exception|32582|140507221055232|Invalid HTTP_HOST header: ''. The domain name provided is not valid according to RFC 1034/1035.
ERROR|20/Apr/2021 08:00:30|exception|32582|140507221055232|Invalid HTTP_HOST header: ''. The domain name provided is not valid according to RFC 1034/1035.
ERROR|20/Apr/2021 08:35:35|exception|32582|140507221055232|Invalid HTTP_HOST header: ''. The domain name provided is not valid according to RFC 1034/1035.
ERROR|20/Apr/2021 08:36:33|exception|32582|140507221055232|Invalid HTTP_HOST header: ''. The domain name provided is not valid according to RFC 1034/1035.
ERROR|20/Apr/2021 08:37:22|exception|32582|140507221055232|Invalid HTTP_HOST header: ''. The domain name provided is not valid according to RFC 1034/1035.
ERROR|20/Apr/2021 09:08:12|exception|32582|140507221055232|Invalid HTTP_HOST header: ''. The domain name provided is not valid according to RFC 1034/1035.
ERROR|20/Apr/2021 09:39:56|exception|32582|140507221055232|Invalid HTTP_HOST header: ''. The domain name provided is not valid according to RFC 1034/1035.
ERROR|20/Apr/2021 10:09:46|exception|32582|140507644999424|Invalid HTTP_HOST header: ''. The domain name provided is not valid according to RFC 1034/1035.
ERROR|20/Apr/2021 10:11:41|exception|32582|140507644999424|Invalid HTTP_HOST header: ''. The domain name provided is not valid according to RFC 1034/1035.
ERROR|20/Apr/2021 10:26:39|basehttp|32582|140507644999424|"GET /config/getuser?index=0 HTTP/1.1" 500 59
ERROR|20/Apr/2021 10:44:08|exception|32582|140507644999424|Invalid HTTP_HOST header: ''. The domain name provided is not valid according to RFC 1034/1035.
ERROR|20/Apr/2021 11:15:05|exception|32582|140507221055232|Invalid HTTP_HOST header: ''. The domain name provided is not valid according to RFC 1034/1035.
ERROR|20/Apr/2021 11:19:13|exception|32582|140507221055232|Invalid HTTP_HOST header: ''. The domain name provided is not valid according to RFC 1034/1035.
ERROR|20/Apr/2021 11:36:37|exception|32582|140507221055232|Invalid HTTP_HOST header: ''. The domain name provided is not valid according to RFC 1034/1035.
ERROR|20/Apr/2021 11:46:23|exception|32582|140507221055232|Invalid HTTP_HOST header: ''. The domain name provided is not valid according to RFC 1034/1035.
ERROR|20/Apr/2021 12:17:11|exception|32582|140507221055232|Invalid HTTP_HOST header: ''. The domain name provided is not valid according to RFC 1034/1035.
ERROR|20/Apr/2021 12:50:01|exception|32582|140507221055232|Invalid HTTP_HOST header: ''. The domain name provided is not valid according to RFC 1034/1035.
ERROR|20/Apr/2021 13:23:07|exception|32582|140507221055232|Invalid HTTP_HOST header: ''. The domain name provided is not valid according to RFC 1034/1035.
ERROR|20/Apr/2021 13:56:04|exception|32582|140507229447936|Invalid HTTP_HOST header: ''. The domain name provided is not valid according to RFC 1034/1035.
ERROR|20/Apr/2021 14:08:37|exception|32582|140507628480256|Invalid HTTP_HOST header: ''. The domain name provided is not valid according to RFC 1034/1035.
ERROR|20/Apr/2021 14:27:14|exception|32582|140507628480256|Invalid HTTP_HOST header: ''. The domain name provided is not valid according to RFC 1034/1035.
ERROR|20/Apr/2021 15:03:16|exception|32582|140507628480256|Invalid HTTP_HOST header: ''. The domain name provided is not valid according to RFC 1034/1035.
ERROR|20/Apr/2021 15:36:23|exception|32582|140507628480256|Invalid HTTP_HOST header: ''. The domain name provided is not valid according to RFC 1034/1035.
ERROR|20/Apr/2021 16:06:24|exception|32582|140507628480256|Invalid HTTP_HOST header: ''. The domain name provided is not valid according to RFC 1034/1035.
ERROR|20/Apr/2021 16:37:36|exception|32582|140507628480256|Invalid HTTP_HOST header: ''. The domain name provided is not valid according to RFC 1034/1035.
ERROR|20/Apr/2021 16:53:56|exception|32582|140507628480256|Invalid HTTP_HOST header: ''. The domain name provided is not valid according to RFC 1034/1035.
ERROR|20/Apr/2021 17:08:37|exception|32582|140507628480256|Invalid HTTP_HOST header: ''. The domain name provided is not valid according to RFC 1034/1035.
ERROR|20/Apr/2021 17:30:21|exception|32582|140507628480256|Invalid HTTP_HOST header: ''. The domain name provided is not valid according to RFC 1034/1035.
ERROR|20/Apr/2021 17:40:08|exception|32582|140507628480256|Invalid HTTP_HOST header: ''. The domain name provided is not valid according to RFC 1034/1035.
ERROR|20/Apr/2021 18:09:57|exception|32582|140507628480256|Invalid HTTP_HOST header: ''. The domain name provided is not valid according to RFC 1034/1035.
ERROR|20/Apr/2021 18:16:05|basehttp|32582|140507628480256|"GET /config/getuser?index=0 HTTP/1.1" 500 59
ERROR|20/Apr/2021 18:17:26|basehttp|32582|140507628480256|You're accessing the development server over HTTPS, but it only supports HTTP.

ERROR|20/Apr/2021 18:40:57|exception|32582|140507628480256|Invalid HTTP_HOST header: ''. The domain name provided is not valid according to RFC 1034/1035.
ERROR|20/Apr/2021 19:15:13|exception|32582|140507628480256|Invalid HTTP_HOST header: ''. The domain name provided is not valid according to RFC 1034/1035.
ERROR|20/Apr/2021 19:20:21|exception|32582|140507628480256|Invalid HTTP_HOST header: ''. The domain name provided is not valid according to RFC 1034/1035.
ERROR|20/Apr/2021 19:42:50|exception|32582|140507628480256|Invalid HTTP_HOST header: ''. The domain name provided is not valid according to RFC 1034/1035.
ERROR|20/Apr/2021 19:48:01|exception|32582|140507628480256|Invalid HTTP_HOST header: ''. The domain name provided is not valid according to RFC 1034/1035.
ERROR|20/Apr/2021 20:21:51|exception|32582|140507628480256|Invalid HTTP_HOST header: ''. The domain name provided is not valid according to RFC 1034/1035.
ERROR|20/Apr/2021 20:39:35|basehttp|32582|140507628480256|You're accessing the development server over HTTPS, but it only supports HTTP.

ERROR|20/Apr/2021 20:39:36|basehttp|32582|140507628480256|You're accessing the development server over HTTPS, but it only supports HTTP.

ERROR|20/Apr/2021 20:39:36|basehttp|32582|140507628480256|You're accessing the development server over HTTPS, but it only supports HTTP.

ERROR|20/Apr/2021 20:39:37|basehttp|32582|140507628480256|You're accessing the development server over HTTPS, but it only supports HTTP.

ERROR|20/Apr/2021 20:39:37|basehttp|32582|140507628480256|You're accessing the development server over HTTPS, but it only supports HTTP.

ERROR|20/Apr/2021 20:39:38|basehttp|32582|140507628480256|You're accessing the development server over HTTPS, but it only supports HTTP.

ERROR|20/Apr/2021 20:39:38|basehttp|32582|140507628480256|You're accessing the development server over HTTPS, but it only supports HTTP.

ERROR|20/Apr/2021 20:39:39|basehttp|32582|140507628480256|You're accessing the development server over HTTPS, but it only supports HTTP.

ERROR|20/Apr/2021 20:39:39|basehttp|32582|140507628480256|You're accessing the development server over HTTPS, but it only supports HTTP.

ERROR|20/Apr/2021 20:39:40|basehttp|32582|140507628480256|You're accessing the development server over HTTPS, but it only supports HTTP.

ERROR|20/Apr/2021 21:03:09|exception|32582|140507628480256|Invalid HTTP_HOST header: ''. The domain name provided is not valid according to RFC 1034/1035.
ERROR|20/Apr/2021 21:16:10|exception|32582|140507628480256|Invalid HTTP_HOST header: ''. The domain name provided is not valid according to RFC 1034/1035.
ERROR|20/Apr/2021 21:39:54|exception|32582|140507628480256|Invalid HTTP_HOST header: ''. The domain name provided is not valid according to RFC 1034/1035.
ERROR|20/Apr/2021 22:15:11|exception|32582|140507628480256|Invalid HTTP_HOST header: ''. The domain name provided is not valid according to RFC 1034/1035.
ERROR|20/Apr/2021 22:15:11|basehttp|32582|140507628480256|"GET /script HTTP/1.1" 500 59
ERROR|20/Apr/2021 22:35:20|exception|32582|140507628480256|Invalid HTTP_HOST header: ''. The domain name provided is not valid according to RFC 1034/1035.
ERROR|20/Apr/2021 22:46:21|exception|32582|140507628480256|Invalid HTTP_HOST header: ''. The domain name provided is not valid according to RFC 1034/1035.
ERROR|20/Apr/2021 22:46:40|exception|32582|140507628480256|Invalid HTTP_HOST header: ''. The domain name provided is not valid according to RFC 1034/1035.
ERROR|20/Apr/2021 22:46:40|basehttp|32582|140507628480256|"GET /script HTTP/1.1" 500 59
ERROR|20/Apr/2021 23:19:49|exception|32582|140507628480256|Invalid HTTP_HOST header: ''. The domain name provided is not valid according to RFC 1034/1035.
ERROR|20/Apr/2021 23:52:29|exception|32582|140507628480256|Invalid HTTP_HOST header: ''. The domain name provided is not valid according to RFC 1034/1035.
ERROR|21/Apr/2021 00:24:13|exception|32582|140507585472256|Invalid HTTP_HOST header: ''. The domain name provided is not valid according to RFC 1034/1035.
ERROR|21/Apr/2021 00:24:33|exception|32582|140507585472256|Invalid HTTP_HOST header: ''. The domain name provided is not valid according to RFC 1034/1035.
ERROR|21/Apr/2021 00:56:40|exception|32582|140507585472256|Invalid HTTP_HOST header: ''. The domain name provided is not valid according to RFC 1034/1035.
ERROR|21/Apr/2021 01:06:11|exception|32582|140507585472256|Invalid HTTP_HOST header: ''. The domain name provided is not valid according to RFC 1034/1035.
ERROR|21/Apr/2021 01:18:11|exception|32582|140507585472256|Invalid HTTP_HOST header: ''. The domain name provided is not valid according to RFC 1034/1035.
ERROR|21/Apr/2021 01:28:54|exception|32582|140507585472256|Invalid HTTP_HOST header: ''. The domain name provided is not valid according to RFC 1034/1035.
ERROR|21/Apr/2021 02:03:13|exception|32582|140507585472256|Invalid HTTP_HOST header: ''. The domain name provided is not valid according to RFC 1034/1035.
ERROR|21/Apr/2021 02:40:18|exception|32582|140507585472256|Invalid HTTP_HOST header: ''. The domain name provided is not valid according to RFC 1034/1035.
ERROR|21/Apr/2021 03:18:26|exception|32582|140507585472256|Invalid HTTP_HOST header: ''. The domain name provided is not valid according to RFC 1034/1035.
ERROR|21/Apr/2021 03:53:12|exception|32582|140507585472256|Invalid HTTP_HOST header: ''. The domain name provided is not valid according to RFC 1034/1035.
ERROR|21/Apr/2021 04:00:23|exception|32582|140507585472256|Invalid HTTP_HOST header: ''. The domain name provided is not valid according to RFC 1034/1035.
ERROR|21/Apr/2021 04:26:18|exception|32582|140507585472256|Invalid HTTP_HOST header: ''. The domain name provided is not valid according to RFC 1034/1035.
ERROR|21/Apr/2021 04:58:31|exception|32582|140507585472256|Invalid HTTP_HOST header: ''. The domain name provided is not valid according to RFC 1034/1035.
ERROR|21/Apr/2021 05:31:50|exception|32582|140507585472256|Invalid HTTP_HOST header: ''. The domain name provided is not valid according to RFC 1034/1035.
ERROR|21/Apr/2021 06:05:48|exception|32582|140507585472256|Invalid HTTP_HOST header: ''. The domain name provided is not valid according to RFC 1034/1035.
ERROR|21/Apr/2021 06:17:39|exception|32582|140507585472256|Invalid HTTP_HOST header: ''. The domain name provided is not valid according to RFC 1034/1035.
ERROR|21/Apr/2021 06:37:24|exception|32582|140507585472256|Invalid HTTP_HOST header: ''. The domain name provided is not valid according to RFC 1034/1035.
ERROR|21/Apr/2021 06:41:17|exception|32582|140507585472256|Invalid HTTP_HOST header: ''. The domain name provided is not valid according to RFC 1034/1035.
ERROR|21/Apr/2021 07:07:15|exception|32582|140507585472256|Invalid HTTP_HOST header: ''. The domain name provided is not valid according to RFC 1034/1035.
ERROR|21/Apr/2021 08:21:37|exception|32582|140507585472256|Invalid HTTP_HOST header: ''. The domain name provided is not valid according to RFC 1034/1035.
ERROR|21/Apr/2021 10:02:35|exception|32582|140507229447936|Invalid HTTP_HOST header: ''. The domain name provided is not valid according to RFC 1034/1035.
ERROR|21/Apr/2021 10:24:50|log|32582|140507585472256|Internal Server Error: /emoloyeeinfo/
Traceback (most recent call last):
  File "/home/mobilitysqr/.local/lib/python3.6/site-packages/django/core/handlers/exception.py", line 34, in inner
    response = get_response(request)
  File "/home/mobilitysqr/.local/lib/python3.6/site-packages/django/core/handlers/base.py", line 126, in _get_response
    response = self.process_exception_by_middleware(e, request)
  File "/home/mobilitysqr/.local/lib/python3.6/site-packages/django/core/handlers/base.py", line 124, in _get_response
    response = wrapped_callback(request, *callback_args, **callback_kwargs)
  File "/home/mobilitysqr/.local/lib/python3.6/site-packages/django/views/decorators/csrf.py", line 54, in wrapped_view
    return view_func(*args, **kwargs)
  File "/home/mobilitysqr/.local/lib/python3.6/site-packages/django/views/generic/base.py", line 68, in view
    return self.dispatch(request, *args, **kwargs)
  File "/home/mobilitysqr/.local/lib/python3.6/site-packages/rest_framework/views.py", line 495, in dispatch
    response = self.handle_exception(exc)
  File "/home/mobilitysqr/.local/lib/python3.6/site-packages/rest_framework/views.py", line 455, in handle_exception
    self.raise_uncaught_exception(exc)
  File "/home/mobilitysqr/.local/lib/python3.6/site-packages/rest_framework/views.py", line 492, in dispatch
    response = handler(request, *args, **kwargs)
  File "/var/www/html/mobilitysqr_staging/mobility_apps/employee/views.py", line 84, in post
    if not employees_recent[0]['last_login']:
  File "/home/mobilitysqr/.local/lib/python3.6/site-packages/django/db/models/query.py", line 303, in __getitem__
    return qs._result_cache[0]
IndexError: list index out of range
ERROR|21/Apr/2021 10:24:50|basehttp|32582|140507585472256|"POST /emoloyeeinfo/ HTTP/1.1" 500 17447
ERROR|21/Apr/2021 10:38:33|log|32582|140507644999424|Internal Server Error: /emoloyeeinfo/
Traceback (most recent call last):
  File "/home/mobilitysqr/.local/lib/python3.6/site-packages/django/core/handlers/exception.py", line 34, in inner
    response = get_response(request)
  File "/home/mobilitysqr/.local/lib/python3.6/site-packages/django/core/handlers/base.py", line 126, in _get_response
    response = self.process_exception_by_middleware(e, request)
  File "/home/mobilitysqr/.local/lib/python3.6/site-packages/django/core/handlers/base.py", line 124, in _get_response
    response = wrapped_callback(request, *callback_args, **callback_kwargs)
  File "/home/mobilitysqr/.local/lib/python3.6/site-packages/django/views/decorators/csrf.py", line 54, in wrapped_view
    return view_func(*args, **kwargs)
  File "/home/mobilitysqr/.local/lib/python3.6/site-packages/django/views/generic/base.py", line 68, in view
    return self.dispatch(request, *args, **kwargs)
  File "/home/mobilitysqr/.local/lib/python3.6/site-packages/rest_framework/views.py", line 495, in dispatch
    response = self.handle_exception(exc)
  File "/home/mobilitysqr/.local/lib/python3.6/site-packages/rest_framework/views.py", line 455, in handle_exception
    self.raise_uncaught_exception(exc)
  File "/home/mobilitysqr/.local/lib/python3.6/site-packages/rest_framework/views.py", line 492, in dispatch
    response = handler(request, *args, **kwargs)
  File "/var/www/html/mobilitysqr_staging/mobility_apps/employee/views.py", line 84, in post
    if not employees_recent[0]['last_login']:
  File "/home/mobilitysqr/.local/lib/python3.6/site-packages/django/db/models/query.py", line 303, in __getitem__
    return qs._result_cache[0]
IndexError: list index out of range
ERROR|21/Apr/2021 10:38:33|basehttp|32582|140507644999424|"POST /emoloyeeinfo/ HTTP/1.1" 500 17444
ERROR|21/Apr/2021 10:50:08|log|32582|140507628480256|Internal Server Error: /employee_chat/
Traceback (most recent call last):
  File "/home/mobilitysqr/.local/lib/python3.6/site-packages/django/db/backends/utils.py", line 85, in _execute
    return self.cursor.execute(sql, params)
  File "/home/mobilitysqr/.local/lib/python3.6/site-packages/sql_server/pyodbc/base.py", line 546, in execute
    return self.cursor.execute(sql, params)
pyodbc.ProgrammingError: ('42000', "[42000] [Microsoft][ODBC Driver 17 for SQL Server][SQL Server]String or binary data would be truncated in table 'mobilitysqr_staging.dbo.employee_message_chat', column 'chat_message'. Truncated value: 'With the recent turbulence in the global economy, it has been extremely difficult to manage global b'. (2628) (SQLExecDirectW)")

The above exception was the direct cause of the following exception:

Traceback (most recent call last):
  File "/home/mobilitysqr/.local/lib/python3.6/site-packages/django/core/handlers/exception.py", line 34, in inner
    response = get_response(request)
  File "/home/mobilitysqr/.local/lib/python3.6/site-packages/django/core/handlers/base.py", line 126, in _get_response
    response = self.process_exception_by_middleware(e, request)
  File "/home/mobilitysqr/.local/lib/python3.6/site-packages/django/core/handlers/base.py", line 124, in _get_response
    response = wrapped_callback(request, *callback_args, **callback_kwargs)
  File "/home/mobilitysqr/.local/lib/python3.6/site-packages/django/views/decorators/csrf.py", line 54, in wrapped_view
    return view_func(*args, **kwargs)
  File "/home/mobilitysqr/.local/lib/python3.6/site-packages/django/views/generic/base.py", line 68, in view
    return self.dispatch(request, *args, **kwargs)
  File "/home/mobilitysqr/.local/lib/python3.6/site-packages/rest_framework/views.py", line 495, in dispatch
    response = self.handle_exception(exc)
  File "/home/mobilitysqr/.local/lib/python3.6/site-packages/rest_framework/views.py", line 455, in handle_exception
    self.raise_uncaught_exception(exc)
  File "/home/mobilitysqr/.local/lib/python3.6/site-packages/rest_framework/views.py", line 492, in dispatch
    response = handler(request, *args, **kwargs)
  File "/var/www/html/mobilitysqr_staging/mobility_apps/employee/views.py", line 2763, in post
    message_data.save()
  File "/home/mobilitysqr/.local/lib/python3.6/site-packages/django/db/models/base.py", line 717, in save
    force_update=force_update, update_fields=update_fields)
  File "/home/mobilitysqr/.local/lib/python3.6/site-packages/django/db/models/base.py", line 747, in save_base
    updated = self._save_table(raw, cls, force_insert, force_update, using, update_fields)
  File "/home/mobilitysqr/.local/lib/python3.6/site-packages/django/db/models/base.py", line 830, in _save_table
    result = self._do_insert(cls._base_manager, using, fields, update_pk, raw)
  File "/home/mobilitysqr/.local/lib/python3.6/site-packages/django/db/models/base.py", line 868, in _do_insert
    using=using, raw=raw)
  File "/home/mobilitysqr/.local/lib/python3.6/site-packages/django/db/models/manager.py", line 82, in manager_method
    return getattr(self.get_queryset(), name)(*args, **kwargs)
  File "/home/mobilitysqr/.local/lib/python3.6/site-packages/django/db/models/query.py", line 1133, in _insert
    return query.get_compiler(using=using).execute_sql(return_id)
  File "/home/mobilitysqr/.local/lib/python3.6/site-packages/django/db/models/sql/compiler.py", line 1285, in execute_sql
    cursor.execute(sql, params)
  File "/home/mobilitysqr/.local/lib/python3.6/site-packages/django/db/backends/utils.py", line 100, in execute
    return super().execute(sql, params)
  File "/home/mobilitysqr/.local/lib/python3.6/site-packages/django/db/backends/utils.py", line 68, in execute
    return self._execute_with_wrappers(sql, params, many=False, executor=self._execute)
  File "/home/mobilitysqr/.local/lib/python3.6/site-packages/django/db/backends/utils.py", line 77, in _execute_with_wrappers
    return executor(sql, params, many, context)
  File "/home/mobilitysqr/.local/lib/python3.6/site-packages/django/db/backends/utils.py", line 85, in _execute
    return self.cursor.execute(sql, params)
  File "/home/mobilitysqr/.local/lib/python3.6/site-packages/django/db/utils.py", line 89, in __exit__
    raise dj_exc_value.with_traceback(traceback) from exc_value
  File "/home/mobilitysqr/.local/lib/python3.6/site-packages/django/db/backends/utils.py", line 85, in _execute
    return self.cursor.execute(sql, params)
  File "/home/mobilitysqr/.local/lib/python3.6/site-packages/sql_server/pyodbc/base.py", line 546, in execute
    return self.cursor.execute(sql, params)
django.db.utils.ProgrammingError: ('42000', "[42000] [Microsoft][ODBC Driver 17 for SQL Server][SQL Server]String or binary data would be truncated in table 'mobilitysqr_staging.dbo.employee_message_chat', column 'chat_message'. Truncated value: 'With the recent turbulence in the global economy, it has been extremely difficult to manage global b'. (2628) (SQLExecDirectW)")
ERROR|21/Apr/2021 10:50:08|basehttp|32582|140507628480256|"POST /employee_chat/ HTTP/1.1" 500 21118
ERROR|21/Apr/2021 10:50:26|log|32582|140507628480256|Internal Server Error: /employee_chat/
Traceback (most recent call last):
  File "/home/mobilitysqr/.local/lib/python3.6/site-packages/django/db/backends/utils.py", line 85, in _execute
    return self.cursor.execute(sql, params)
  File "/home/mobilitysqr/.local/lib/python3.6/site-packages/sql_server/pyodbc/base.py", line 546, in execute
    return self.cursor.execute(sql, params)
pyodbc.ProgrammingError: ('42000', "[42000] [Microsoft][ODBC Driver 17 for SQL Server][SQL Server]String or binary data would be truncated in table 'mobilitysqr_staging.dbo.employee_message_chat', column 'chat_message'. Truncated value: 'With the recent turbulence in the global economy, it has been extremely difficult to manage global b'. (2628) (SQLExecDirectW)")

The above exception was the direct cause of the following exception:

Traceback (most recent call last):
  File "/home/mobilitysqr/.local/lib/python3.6/site-packages/django/core/handlers/exception.py", line 34, in inner
    response = get_response(request)
  File "/home/mobilitysqr/.local/lib/python3.6/site-packages/django/core/handlers/base.py", line 126, in _get_response
    response = self.process_exception_by_middleware(e, request)
  File "/home/mobilitysqr/.local/lib/python3.6/site-packages/django/core/handlers/base.py", line 124, in _get_response
    response = wrapped_callback(request, *callback_args, **callback_kwargs)
  File "/home/mobilitysqr/.local/lib/python3.6/site-packages/django/views/decorators/csrf.py", line 54, in wrapped_view
    return view_func(*args, **kwargs)
  File "/home/mobilitysqr/.local/lib/python3.6/site-packages/django/views/generic/base.py", line 68, in view
    return self.dispatch(request, *args, **kwargs)
  File "/home/mobilitysqr/.local/lib/python3.6/site-packages/rest_framework/views.py", line 495, in dispatch
    response = self.handle_exception(exc)
  File "/home/mobilitysqr/.local/lib/python3.6/site-packages/rest_framework/views.py", line 455, in handle_exception
    self.raise_uncaught_exception(exc)
  File "/home/mobilitysqr/.local/lib/python3.6/site-packages/rest_framework/views.py", line 492, in dispatch
    response = handler(request, *args, **kwargs)
  File "/var/www/html/mobilitysqr_staging/mobility_apps/employee/views.py", line 2763, in post
    message_data.save()
  File "/home/mobilitysqr/.local/lib/python3.6/site-packages/django/db/models/base.py", line 717, in save
    force_update=force_update, update_fields=update_fields)
  File "/home/mobilitysqr/.local/lib/python3.6/site-packages/django/db/models/base.py", line 747, in save_base
    updated = self._save_table(raw, cls, force_insert, force_update, using, update_fields)
  File "/home/mobilitysqr/.local/lib/python3.6/site-packages/django/db/models/base.py", line 830, in _save_table
    result = self._do_insert(cls._base_manager, using, fields, update_pk, raw)
  File "/home/mobilitysqr/.local/lib/python3.6/site-packages/django/db/models/base.py", line 868, in _do_insert
    using=using, raw=raw)
  File "/home/mobilitysqr/.local/lib/python3.6/site-packages/django/db/models/manager.py", line 82, in manager_method
    return getattr(self.get_queryset(), name)(*args, **kwargs)
  File "/home/mobilitysqr/.local/lib/python3.6/site-packages/django/db/models/query.py", line 1133, in _insert
    return query.get_compiler(using=using).execute_sql(return_id)
  File "/home/mobilitysqr/.local/lib/python3.6/site-packages/django/db/models/sql/compiler.py", line 1285, in execute_sql
    cursor.execute(sql, params)
  File "/home/mobilitysqr/.local/lib/python3.6/site-packages/django/db/backends/utils.py", line 100, in execute
    return super().execute(sql, params)
  File "/home/mobilitysqr/.local/lib/python3.6/site-packages/django/db/backends/utils.py", line 68, in execute
    return self._execute_with_wrappers(sql, params, many=False, executor=self._execute)
  File "/home/mobilitysqr/.local/lib/python3.6/site-packages/django/db/backends/utils.py", line 77, in _execute_with_wrappers
    return executor(sql, params, many, context)
  File "/home/mobilitysqr/.local/lib/python3.6/site-packages/django/db/backends/utils.py", line 85, in _execute
    return self.cursor.execute(sql, params)
  File "/home/mobilitysqr/.local/lib/python3.6/site-packages/django/db/utils.py", line 89, in __exit__
    raise dj_exc_value.with_traceback(traceback) from exc_value
  File "/home/mobilitysqr/.local/lib/python3.6/site-packages/django/db/backends/utils.py", line 85, in _execute
    return self.cursor.execute(sql, params)
  File "/home/mobilitysqr/.local/lib/python3.6/site-packages/sql_server/pyodbc/base.py", line 546, in execute
    return self.cursor.execute(sql, params)
django.db.utils.ProgrammingError: ('42000', "[42000] [Microsoft][ODBC Driver 17 for SQL Server][SQL Server]String or binary data would be truncated in table 'mobilitysqr_staging.dbo.employee_message_chat', column 'chat_message'. Truncated value: 'With the recent turbulence in the global economy, it has been extremely difficult to manage global b'. (2628) (SQLExecDirectW)")
ERROR|21/Apr/2021 10:50:26|basehttp|32582|140507628480256|"POST /employee_chat/ HTTP/1.1" 500 21118
ERROR|21/Apr/2021 12:35:23|exception|32582|140507595437824|Invalid HTTP_HOST header: ''. The domain name provided is not valid according to RFC 1034/1035.
ERROR|21/Apr/2021 14:00:40|exception|32582|140507229447936|Invalid HTTP_HOST header: ''. The domain name provided is not valid according to RFC 1034/1035.
ERROR|21/Apr/2021 14:03:15|log|32582|140507229447936|Internal Server Error: /users
Traceback (most recent call last):
  File "/home/mobilitysqr/.local/lib/python3.6/site-packages/django/core/handlers/exception.py", line 34, in inner
    response = get_response(request)
  File "/home/mobilitysqr/.local/lib/python3.6/site-packages/django/utils/deprecation.py", line 90, in __call__
    response = self.process_request(request)
  File "/home/mobilitysqr/.local/lib/python3.6/site-packages/django/middleware/common.py", line 53, in process_request
    path = self.get_full_path_with_slash(request)
  File "/home/mobilitysqr/.local/lib/python3.6/site-packages/django/middleware/common.py", line 93, in get_full_path_with_slash
    'url': request.get_host() + new_path,
RuntimeError: You called this URL via POST, but the URL doesn't end in a slash and you have APPEND_SLASH set. Django can't redirect to the slash URL while maintaining POST data. Change your form to point to 52.165.220.40:8080/users/?page=&size=5 (note the trailing slash), or set APPEND_SLASH=False in your Django settings.
ERROR|21/Apr/2021 14:03:15|basehttp|32582|140507229447936|"POST /users?page=&size=5 HTTP/1.1" 500 65392
ERROR|21/Apr/2021 14:56:47|log|32582|140507585472256|Internal Server Error: /employee_chat/
Traceback (most recent call last):
  File "/home/mobilitysqr/.local/lib/python3.6/site-packages/django/core/handlers/exception.py", line 34, in inner
    response = get_response(request)
  File "/home/mobilitysqr/.local/lib/python3.6/site-packages/django/core/handlers/base.py", line 126, in _get_response
    response = self.process_exception_by_middleware(e, request)
  File "/home/mobilitysqr/.local/lib/python3.6/site-packages/django/core/handlers/base.py", line 124, in _get_response
    response = wrapped_callback(request, *callback_args, **callback_kwargs)
  File "/home/mobilitysqr/.local/lib/python3.6/site-packages/django/views/decorators/csrf.py", line 54, in wrapped_view
    return view_func(*args, **kwargs)
  File "/home/mobilitysqr/.local/lib/python3.6/site-packages/django/views/generic/base.py", line 68, in view
    return self.dispatch(request, *args, **kwargs)
  File "/home/mobilitysqr/.local/lib/python3.6/site-packages/rest_framework/views.py", line 495, in dispatch
    response = self.handle_exception(exc)
  File "/home/mobilitysqr/.local/lib/python3.6/site-packages/rest_framework/views.py", line 455, in handle_exception
    self.raise_uncaught_exception(exc)
  File "/home/mobilitysqr/.local/lib/python3.6/site-packages/rest_framework/views.py", line 492, in dispatch
    response = handler(request, *args, **kwargs)
  File "/var/www/html/mobilitysqr_staging/mobility_apps/employee/views.py", line 2750, in post
    thread_data = sender_emp_code + receiver_emp_code
TypeError: must be str, not NoneType
ERROR|21/Apr/2021 14:56:47|basehttp|32582|140507585472256|"POST /employee_chat/ HTTP/1.1" 500 17316
ERROR|21/Apr/2021 14:56:54|log|32582|140507585472256|Internal Server Error: /employee_chat/
Traceback (most recent call last):
  File "/home/mobilitysqr/.local/lib/python3.6/site-packages/django/core/handlers/exception.py", line 34, in inner
    response = get_response(request)
  File "/home/mobilitysqr/.local/lib/python3.6/site-packages/django/core/handlers/base.py", line 126, in _get_response
    response = self.process_exception_by_middleware(e, request)
  File "/home/mobilitysqr/.local/lib/python3.6/site-packages/django/core/handlers/base.py", line 124, in _get_response
    response = wrapped_callback(request, *callback_args, **callback_kwargs)
  File "/home/mobilitysqr/.local/lib/python3.6/site-packages/django/views/decorators/csrf.py", line 54, in wrapped_view
    return view_func(*args, **kwargs)
  File "/home/mobilitysqr/.local/lib/python3.6/site-packages/django/views/generic/base.py", line 68, in view
    return self.dispatch(request, *args, **kwargs)
  File "/home/mobilitysqr/.local/lib/python3.6/site-packages/rest_framework/views.py", line 495, in dispatch
    response = self.handle_exception(exc)
  File "/home/mobilitysqr/.local/lib/python3.6/site-packages/rest_framework/views.py", line 455, in handle_exception
    self.raise_uncaught_exception(exc)
  File "/home/mobilitysqr/.local/lib/python3.6/site-packages/rest_framework/views.py", line 492, in dispatch
    response = handler(request, *args, **kwargs)
  File "/var/www/html/mobilitysqr_staging/mobility_apps/employee/views.py", line 2750, in post
    thread_data = sender_emp_code + receiver_emp_code
TypeError: must be str, not NoneType
ERROR|21/Apr/2021 14:56:54|basehttp|32582|140507585472256|"POST /employee_chat/ HTTP/1.1" 500 17316
ERROR|21/Apr/2021 14:57:49|log|32582|140507585472256|Internal Server Error: /employee_chat/
Traceback (most recent call last):
  File "/home/mobilitysqr/.local/lib/python3.6/site-packages/django/core/handlers/exception.py", line 34, in inner
    response = get_response(request)
  File "/home/mobilitysqr/.local/lib/python3.6/site-packages/django/core/handlers/base.py", line 126, in _get_response
    response = self.process_exception_by_middleware(e, request)
  File "/home/mobilitysqr/.local/lib/python3.6/site-packages/django/core/handlers/base.py", line 124, in _get_response
    response = wrapped_callback(request, *callback_args, **callback_kwargs)
  File "/home/mobilitysqr/.local/lib/python3.6/site-packages/django/views/decorators/csrf.py", line 54, in wrapped_view
    return view_func(*args, **kwargs)
  File "/home/mobilitysqr/.local/lib/python3.6/site-packages/django/views/generic/base.py", line 68, in view
    return self.dispatch(request, *args, **kwargs)
  File "/home/mobilitysqr/.local/lib/python3.6/site-packages/rest_framework/views.py", line 495, in dispatch
    response = self.handle_exception(exc)
  File "/home/mobilitysqr/.local/lib/python3.6/site-packages/rest_framework/views.py", line 455, in handle_exception
    self.raise_uncaught_exception(exc)
  File "/home/mobilitysqr/.local/lib/python3.6/site-packages/rest_framework/views.py", line 492, in dispatch
    response = handler(request, *args, **kwargs)
  File "/var/www/html/mobilitysqr_staging/mobility_apps/employee/views.py", line 2750, in post
    thread_data = sender_emp_code + receiver_emp_code
TypeError: must be str, not NoneType
ERROR|21/Apr/2021 14:57:49|basehttp|32582|140507585472256|"POST /employee_chat/ HTTP/1.1" 500 17316
ERROR|21/Apr/2021 15:00:08|log|32582|140507585472256|Internal Server Error: /employee_chat/
Traceback (most recent call last):
  File "/home/mobilitysqr/.local/lib/python3.6/site-packages/django/db/backends/utils.py", line 85, in _execute
    return self.cursor.execute(sql, params)
  File "/home/mobilitysqr/.local/lib/python3.6/site-packages/sql_server/pyodbc/base.py", line 546, in execute
    return self.cursor.execute(sql, params)
pyodbc.ProgrammingError: ('42000', "[42000] [Microsoft][ODBC Driver 17 for SQL Server][SQL Server]String or binary data would be truncated in table 'mobilitysqr_staging.dbo.employee_message_chat', column 'chat_message'. Truncated value: 'By 1995, Dainik Bhaskar had emerged as the number 1 newspaper in Madhya Pradesh (MP)[5] and was decl'. (2628) (SQLParamData)")

The above exception was the direct cause of the following exception:

Traceback (most recent call last):
  File "/home/mobilitysqr/.local/lib/python3.6/site-packages/django/core/handlers/exception.py", line 34, in inner
    response = get_response(request)
  File "/home/mobilitysqr/.local/lib/python3.6/site-packages/django/core/handlers/base.py", line 126, in _get_response
    response = self.process_exception_by_middleware(e, request)
  File "/home/mobilitysqr/.local/lib/python3.6/site-packages/django/core/handlers/base.py", line 124, in _get_response
    response = wrapped_callback(request, *callback_args, **callback_kwargs)
  File "/home/mobilitysqr/.local/lib/python3.6/site-packages/django/views/decorators/csrf.py", line 54, in wrapped_view
    return view_func(*args, **kwargs)
  File "/home/mobilitysqr/.local/lib/python3.6/site-packages/django/views/generic/base.py", line 68, in view
    return self.dispatch(request, *args, **kwargs)
  File "/home/mobilitysqr/.local/lib/python3.6/site-packages/rest_framework/views.py", line 495, in dispatch
    response = self.handle_exception(exc)
  File "/home/mobilitysqr/.local/lib/python3.6/site-packages/rest_framework/views.py", line 455, in handle_exception
    self.raise_uncaught_exception(exc)
  File "/home/mobilitysqr/.local/lib/python3.6/site-packages/rest_framework/views.py", line 492, in dispatch
    response = handler(request, *args, **kwargs)
  File "/var/www/html/mobilitysqr_staging/mobility_apps/employee/views.py", line 2763, in post
    message_data.save()
  File "/home/mobilitysqr/.local/lib/python3.6/site-packages/django/db/models/base.py", line 717, in save
    force_update=force_update, update_fields=update_fields)
  File "/home/mobilitysqr/.local/lib/python3.6/site-packages/django/db/models/base.py", line 747, in save_base
    updated = self._save_table(raw, cls, force_insert, force_update, using, update_fields)
  File "/home/mobilitysqr/.local/lib/python3.6/site-packages/django/db/models/base.py", line 830, in _save_table
    result = self._do_insert(cls._base_manager, using, fields, update_pk, raw)
  File "/home/mobilitysqr/.local/lib/python3.6/site-packages/django/db/models/base.py", line 868, in _do_insert
    using=using, raw=raw)
  File "/home/mobilitysqr/.local/lib/python3.6/site-packages/django/db/models/manager.py", line 82, in manager_method
    return getattr(self.get_queryset(), name)(*args, **kwargs)
  File "/home/mobilitysqr/.local/lib/python3.6/site-packages/django/db/models/query.py", line 1133, in _insert
    return query.get_compiler(using=using).execute_sql(return_id)
  File "/home/mobilitysqr/.local/lib/python3.6/site-packages/django/db/models/sql/compiler.py", line 1285, in execute_sql
    cursor.execute(sql, params)
  File "/home/mobilitysqr/.local/lib/python3.6/site-packages/django/db/backends/utils.py", line 100, in execute
    return super().execute(sql, params)
  File "/home/mobilitysqr/.local/lib/python3.6/site-packages/django/db/backends/utils.py", line 68, in execute
    return self._execute_with_wrappers(sql, params, many=False, executor=self._execute)
  File "/home/mobilitysqr/.local/lib/python3.6/site-packages/django/db/backends/utils.py", line 77, in _execute_with_wrappers
    return executor(sql, params, many, context)
  File "/home/mobilitysqr/.local/lib/python3.6/site-packages/django/db/backends/utils.py", line 85, in _execute
    return self.cursor.execute(sql, params)
  File "/home/mobilitysqr/.local/lib/python3.6/site-packages/django/db/utils.py", line 89, in __exit__
    raise dj_exc_value.with_traceback(traceback) from exc_value
  File "/home/mobilitysqr/.local/lib/python3.6/site-packages/django/db/backends/utils.py", line 85, in _execute
    return self.cursor.execute(sql, params)
  File "/home/mobilitysqr/.local/lib/python3.6/site-packages/sql_server/pyodbc/base.py", line 546, in execute
    return self.cursor.execute(sql, params)
django.db.utils.ProgrammingError: ('42000', "[42000] [Microsoft][ODBC Driver 17 for SQL Server][SQL Server]String or binary data would be truncated in table 'mobilitysqr_staging.dbo.employee_message_chat', column 'chat_message'. Truncated value: 'By 1995, Dainik Bhaskar had emerged as the number 1 newspaper in Madhya Pradesh (MP)[5] and was decl'. (2628) (SQLParamData)")
ERROR|21/Apr/2021 15:00:08|basehttp|32582|140507585472256|"POST /employee_chat/ HTTP/1.1" 500 21114
ERROR|21/Apr/2021 15:00:32|log|32582|140507237840640|Internal Server Error: /employee_chat/
Traceback (most recent call last):
  File "/home/mobilitysqr/.local/lib/python3.6/site-packages/django/db/backends/utils.py", line 85, in _execute
    return self.cursor.execute(sql, params)
  File "/home/mobilitysqr/.local/lib/python3.6/site-packages/sql_server/pyodbc/base.py", line 546, in execute
    return self.cursor.execute(sql, params)
pyodbc.ProgrammingError: ('42000', "[42000] [Microsoft][ODBC Driver 17 for SQL Server][SQL Server]String or binary data would be truncated in table 'mobilitysqr_staging.dbo.employee_message_chat', column 'chat_message'. Truncated value: 'By 1995, Dainik Bhaskar had emerged as the number 1 newspaper in Madhya Pradesh (MP)[5] and was decl'. (2628) (SQLParamData)")

The above exception was the direct cause of the following exception:

Traceback (most recent call last):
  File "/home/mobilitysqr/.local/lib/python3.6/site-packages/django/core/handlers/exception.py", line 34, in inner
    response = get_response(request)
  File "/home/mobilitysqr/.local/lib/python3.6/site-packages/django/core/handlers/base.py", line 126, in _get_response
    response = self.process_exception_by_middleware(e, request)
  File "/home/mobilitysqr/.local/lib/python3.6/site-packages/django/core/handlers/base.py", line 124, in _get_response
    response = wrapped_callback(request, *callback_args, **callback_kwargs)
  File "/home/mobilitysqr/.local/lib/python3.6/site-packages/django/views/decorators/csrf.py", line 54, in wrapped_view
    return view_func(*args, **kwargs)
  File "/home/mobilitysqr/.local/lib/python3.6/site-packages/django/views/generic/base.py", line 68, in view
    return self.dispatch(request, *args, **kwargs)
  File "/home/mobilitysqr/.local/lib/python3.6/site-packages/rest_framework/views.py", line 495, in dispatch
    response = self.handle_exception(exc)
  File "/home/mobilitysqr/.local/lib/python3.6/site-packages/rest_framework/views.py", line 455, in handle_exception
    self.raise_uncaught_exception(exc)
  File "/home/mobilitysqr/.local/lib/python3.6/site-packages/rest_framework/views.py", line 492, in dispatch
    response = handler(request, *args, **kwargs)
  File "/var/www/html/mobilitysqr_staging/mobility_apps/employee/views.py", line 2763, in post
    message_data.save()
  File "/home/mobilitysqr/.local/lib/python3.6/site-packages/django/db/models/base.py", line 717, in save
    force_update=force_update, update_fields=update_fields)
  File "/home/mobilitysqr/.local/lib/python3.6/site-packages/django/db/models/base.py", line 747, in save_base
    updated = self._save_table(raw, cls, force_insert, force_update, using, update_fields)
  File "/home/mobilitysqr/.local/lib/python3.6/site-packages/django/db/models/base.py", line 830, in _save_table
    result = self._do_insert(cls._base_manager, using, fields, update_pk, raw)
  File "/home/mobilitysqr/.local/lib/python3.6/site-packages/django/db/models/base.py", line 868, in _do_insert
    using=using, raw=raw)
  File "/home/mobilitysqr/.local/lib/python3.6/site-packages/django/db/models/manager.py", line 82, in manager_method
    return getattr(self.get_queryset(), name)(*args, **kwargs)
  File "/home/mobilitysqr/.local/lib/python3.6/site-packages/django/db/models/query.py", line 1133, in _insert
    return query.get_compiler(using=using).execute_sql(return_id)
  File "/home/mobilitysqr/.local/lib/python3.6/site-packages/django/db/models/sql/compiler.py", line 1285, in execute_sql
    cursor.execute(sql, params)
  File "/home/mobilitysqr/.local/lib/python3.6/site-packages/django/db/backends/utils.py", line 100, in execute
    return super().execute(sql, params)
  File "/home/mobilitysqr/.local/lib/python3.6/site-packages/django/db/backends/utils.py", line 68, in execute
    return self._execute_with_wrappers(sql, params, many=False, executor=self._execute)
  File "/home/mobilitysqr/.local/lib/python3.6/site-packages/django/db/backends/utils.py", line 77, in _execute_with_wrappers
    return executor(sql, params, many, context)
  File "/home/mobilitysqr/.local/lib/python3.6/site-packages/django/db/backends/utils.py", line 85, in _execute
    return self.cursor.execute(sql, params)
  File "/home/mobilitysqr/.local/lib/python3.6/site-packages/django/db/utils.py", line 89, in __exit__
    raise dj_exc_value.with_traceback(traceback) from exc_value
  File "/home/mobilitysqr/.local/lib/python3.6/site-packages/django/db/backends/utils.py", line 85, in _execute
    return self.cursor.execute(sql, params)
  File "/home/mobilitysqr/.local/lib/python3.6/site-packages/sql_server/pyodbc/base.py", line 546, in execute
    return self.cursor.execute(sql, params)
django.db.utils.ProgrammingError: ('42000', "[42000] [Microsoft][ODBC Driver 17 for SQL Server][SQL Server]String or binary data would be truncated in table 'mobilitysqr_staging.dbo.employee_message_chat', column 'chat_message'. Truncated value: 'By 1995, Dainik Bhaskar had emerged as the number 1 newspaper in Madhya Pradesh (MP)[5] and was decl'. (2628) (SQLParamData)")
ERROR|21/Apr/2021 15:00:32|basehttp|32582|140507237840640|"POST /employee_chat/ HTTP/1.1" 500 21114
ERROR|21/Apr/2021 18:25:31|exception|32582|140507595437824|Invalid HTTP_HOST header: ''. The domain name provided is not valid according to RFC 1034/1035.
ERROR|21/Apr/2021 20:29:36|exception|32582|140507221055232|Invalid HTTP_HOST header: ''. The domain name provided is not valid according to RFC 1034/1035.
ERROR|21/Apr/2021 21:19:39|basehttp|32582|140507229447936|"GET /config/getuser?index=0 HTTP/1.1" 500 59
ERROR|21/Apr/2021 22:35:35|exception|32582|140507229447936|Invalid HTTP_HOST header: ''. The domain name provided is not valid according to RFC 1034/1035.
ERROR|22/Apr/2021 00:10:01|log|32582|140507229447936|Internal Server Error: /users
Traceback (most recent call last):
  File "/home/mobilitysqr/.local/lib/python3.6/site-packages/django/core/handlers/exception.py", line 34, in inner
    response = get_response(request)
  File "/home/mobilitysqr/.local/lib/python3.6/site-packages/django/utils/deprecation.py", line 90, in __call__
    response = self.process_request(request)
  File "/home/mobilitysqr/.local/lib/python3.6/site-packages/django/middleware/common.py", line 53, in process_request
    path = self.get_full_path_with_slash(request)
  File "/home/mobilitysqr/.local/lib/python3.6/site-packages/django/middleware/common.py", line 93, in get_full_path_with_slash
    'url': request.get_host() + new_path,
RuntimeError: You called this URL via POST, but the URL doesn't end in a slash and you have APPEND_SLASH set. Django can't redirect to the slash URL while maintaining POST data. Change your form to point to 52.165.220.40:8080/users/?page=&size=5 (note the trailing slash), or set APPEND_SLASH=False in your Django settings.
ERROR|22/Apr/2021 00:10:01|basehttp|32582|140507229447936|"POST /users?page=&size=5 HTTP/1.1" 500 65392
ERROR|22/Apr/2021 00:22:30|basehttp|32582|140507229447936|You're accessing the development server over HTTPS, but it only supports HTTP.

ERROR|22/Apr/2021 01:11:51|exception|32582|140507229447936|Invalid HTTP_HOST header: ''. The domain name provided is not valid according to RFC 1034/1035.
ERROR|22/Apr/2021 02:46:17|exception|32582|140507229447936|Invalid HTTP_HOST header: ''. The domain name provided is not valid according to RFC 1034/1035.
ERROR|22/Apr/2021 03:05:49|basehttp|32582|140507229447936|You're accessing the development server over HTTPS, but it only supports HTTP.

ERROR|22/Apr/2021 03:13:11|basehttp|32582|140507229447936|You're accessing the development server over HTTPS, but it only supports HTTP.

ERROR|22/Apr/2021 03:13:11|basehttp|32582|140507229447936|You're accessing the development server over HTTPS, but it only supports HTTP.

ERROR|22/Apr/2021 03:13:11|basehttp|32582|140507229447936|You're accessing the development server over HTTPS, but it only supports HTTP.

ERROR|22/Apr/2021 03:13:11|basehttp|32582|140507229447936|You're accessing the development server over HTTPS, but it only supports HTTP.

ERROR|22/Apr/2021 03:13:11|basehttp|32582|140507229447936|You're accessing the development server over HTTPS, but it only supports HTTP.

ERROR|22/Apr/2021 03:13:11|basehttp|32582|140507229447936|You're accessing the development server over HTTPS, but it only supports HTTP.

ERROR|22/Apr/2021 03:13:12|basehttp|32582|140507229447936|You're accessing the development server over HTTPS, but it only supports HTTP.

ERROR|22/Apr/2021 03:13:12|basehttp|32582|140507229447936|You're accessing the development server over HTTPS, but it only supports HTTP.

ERROR|22/Apr/2021 03:13:12|basehttp|32582|140507229447936|You're accessing the development server over HTTPS, but it only supports HTTP.

ERROR|22/Apr/2021 03:13:12|basehttp|32582|140507229447936|You're accessing the development server over HTTPS, but it only supports HTTP.

ERROR|22/Apr/2021 04:36:33|exception|32582|140507229447936|Invalid HTTP_HOST header: ''. The domain name provided is not valid according to RFC 1034/1035.
ERROR|22/Apr/2021 04:38:57|exception|32582|140507229447936|Invalid HTTP_HOST header: ''. The domain name provided is not valid according to RFC 1034/1035.
ERROR|22/Apr/2021 05:02:36|basehttp|32582|140507229447936|"GET /config/getuser?index=0 HTTP/1.1" 500 59
ERROR|22/Apr/2021 05:09:12|exception|32582|140507229447936|Invalid HTTP_HOST header: ''. The domain name provided is not valid according to RFC 1034/1035.
ERROR|22/Apr/2021 05:40:23|exception|32582|140507229447936|Invalid HTTP_HOST header: ''. The domain name provided is not valid according to RFC 1034/1035.
ERROR|22/Apr/2021 06:11:18|exception|32582|140507229447936|Invalid HTTP_HOST header: ''. The domain name provided is not valid according to RFC 1034/1035.
ERROR|22/Apr/2021 06:42:28|exception|32582|140507229447936|Invalid HTTP_HOST header: ''. The domain name provided is not valid according to RFC 1034/1035.
ERROR|22/Apr/2021 07:03:38|exception|32582|140507229447936|Invalid HTTP_HOST header: ''. The domain name provided is not valid according to RFC 1034/1035.
ERROR|22/Apr/2021 07:14:39|exception|32582|140507229447936|Invalid HTTP_HOST header: ''. The domain name provided is not valid according to RFC 1034/1035.
ERROR|22/Apr/2021 07:47:28|exception|32582|140507229447936|Invalid HTTP_HOST header: ''. The domain name provided is not valid according to RFC 1034/1035.
ERROR|22/Apr/2021 08:18:41|exception|32582|140507229447936|Invalid HTTP_HOST header: ''. The domain name provided is not valid according to RFC 1034/1035.
ERROR|22/Apr/2021 08:18:41|basehttp|32582|140507229447936|"GET /script HTTP/1.1" 500 59
ERROR|22/Apr/2021 08:20:09|exception|32582|140507229447936|Invalid HTTP_HOST header: ''. The domain name provided is not valid according to RFC 1034/1035.
ERROR|22/Apr/2021 08:51:35|exception|32582|140507229447936|Invalid HTTP_HOST header: ''. The domain name provided is not valid according to RFC 1034/1035.
ERROR|22/Apr/2021 09:23:37|exception|32582|140507229447936|Invalid HTTP_HOST header: ''. The domain name provided is not valid according to RFC 1034/1035.
ERROR|22/Apr/2021 09:38:27|exception|32582|140507229447936|Invalid HTTP_HOST header: ''. The domain name provided is not valid according to RFC 1034/1035.
ERROR|22/Apr/2021 09:38:27|basehttp|32582|140507229447936|"GET /manager/html HTTP/1.1" 500 59
ERROR|22/Apr/2021 09:56:31|exception|32582|140507229447936|Invalid HTTP_HOST header: ''. The domain name provided is not valid according to RFC 1034/1035.
