ERROR|17/May/2021 17:00:45|basehttp|556236|140258238252800|"GET /config/getuser?index=0 HTTP/1.1" 500 59
ERROR|17/May/2021 19:11:27|exception|556236|140258229860096|Invalid HTTP_HOST header: ''. The domain name provided is not valid according to RFC 1034/1035.
ERROR|17/May/2021 19:11:27|basehttp|556236|140258229860096|"GET /manager/html HTTP/1.1" 500 59
ERROR|17/May/2021 21:29:57|basehttp|556236|140258255562496|"GET /config/getuser?index=0 HTTP/1.1" 500 59
ERROR|17/May/2021 23:24:23|exception|556236|140258247169792|Invalid HTTP_HOST header: ''. The domain name provided is not valid according to RFC 1034/1035.
ERROR|18/May/2021 03:19:18|exception|556236|140258247169792|Invalid HTTP_HOST header: ''. The domain name provided is not valid according to RFC 1034/1035.
ERROR|18/May/2021 09:52:36|basehttp|556236|140258247169792|"GET /config/getuser?index=0 HTTP/1.1" 500 59
ERROR|18/May/2021 10:40:43|exception|556236|140258263955200|Invalid HTTP_HOST header: ''. The domain name provided is not valid according to RFC 1034/1035.
ERROR|18/May/2021 12:11:16|log|556236|140258238252800|Internal Server Error: /get_add/travel_request/
Traceback (most recent call last):
  File "/var/www/html/mobilitysqr_api/mobilitysqr_staging_virtualenv/lib64/python3.6/site-packages/django/db/backends/utils.py", line 85, in _execute
    return self.cursor.execute(sql, params)
psycopg2.errors.UniqueViolation: duplicate key value violates unique constraint "travel_travel_request_pkey"
DETAIL:  Key (id)=(11) already exists.


The above exception was the direct cause of the following exception:

Traceback (most recent call last):
  File "/var/www/html/mobilitysqr_api/mobilitysqr_staging_virtualenv/lib64/python3.6/site-packages/django/core/handlers/exception.py", line 34, in inner
    response = get_response(request)
  File "/var/www/html/mobilitysqr_api/mobilitysqr_staging_virtualenv/lib64/python3.6/site-packages/django/core/handlers/base.py", line 126, in _get_response
    response = self.process_exception_by_middleware(e, request)
  File "/var/www/html/mobilitysqr_api/mobilitysqr_staging_virtualenv/lib64/python3.6/site-packages/django/core/handlers/base.py", line 124, in _get_response
    response = wrapped_callback(request, *callback_args, **callback_kwargs)
  File "/var/www/html/mobilitysqr_api/mobilitysqr_staging_virtualenv/lib64/python3.6/site-packages/django/views/decorators/csrf.py", line 54, in wrapped_view
    return view_func(*args, **kwargs)
  File "/var/www/html/mobilitysqr_api/mobilitysqr_staging_virtualenv/lib64/python3.6/site-packages/django/views/generic/base.py", line 68, in view
    return self.dispatch(request, *args, **kwargs)
  File "/var/www/html/mobilitysqr_api/mobilitysqr_staging_virtualenv/lib64/python3.6/site-packages/rest_framework/views.py", line 495, in dispatch
    response = self.handle_exception(exc)
  File "/var/www/html/mobilitysqr_api/mobilitysqr_staging_virtualenv/lib64/python3.6/site-packages/rest_framework/views.py", line 455, in handle_exception
    self.raise_uncaught_exception(exc)
  File "/var/www/html/mobilitysqr_api/mobilitysqr_staging_virtualenv/lib64/python3.6/site-packages/rest_framework/views.py", line 492, in dispatch
    response = handler(request, *args, **kwargs)
  File "/var/www/html/mobilitysqr_api/mobilitysqr_staging_virtualenv/mobilitysqr_staging/mobility_apps/travel/views.py", line 245, in post
    travel_id=serializer.save().travel_req_id
  File "/var/www/html/mobilitysqr_api/mobilitysqr_staging_virtualenv/lib64/python3.6/site-packages/rest_framework/serializers.py", line 214, in save
    self.instance = self.create(validated_data)
  File "/var/www/html/mobilitysqr_api/mobilitysqr_staging_virtualenv/lib64/python3.6/site-packages/rest_framework/serializers.py", line 943, in create
    instance = ModelClass._default_manager.create(**validated_data)
  File "/var/www/html/mobilitysqr_api/mobilitysqr_staging_virtualenv/lib64/python3.6/site-packages/django/db/models/manager.py", line 82, in manager_method
    return getattr(self.get_queryset(), name)(*args, **kwargs)
  File "/var/www/html/mobilitysqr_api/mobilitysqr_staging_virtualenv/lib64/python3.6/site-packages/django/db/models/query.py", line 413, in create
    obj.save(force_insert=True, using=self.db)
  File "/var/www/html/mobilitysqr_api/mobilitysqr_staging_virtualenv/lib64/python3.6/site-packages/django/db/models/base.py", line 717, in save
    force_update=force_update, update_fields=update_fields)
  File "/var/www/html/mobilitysqr_api/mobilitysqr_staging_virtualenv/lib64/python3.6/site-packages/django/db/models/base.py", line 747, in save_base
    updated = self._save_table(raw, cls, force_insert, force_update, using, update_fields)
  File "/var/www/html/mobilitysqr_api/mobilitysqr_staging_virtualenv/lib64/python3.6/site-packages/django/db/models/base.py", line 830, in _save_table
    result = self._do_insert(cls._base_manager, using, fields, update_pk, raw)
  File "/var/www/html/mobilitysqr_api/mobilitysqr_staging_virtualenv/lib64/python3.6/site-packages/django/db/models/base.py", line 868, in _do_insert
    using=using, raw=raw)
  File "/var/www/html/mobilitysqr_api/mobilitysqr_staging_virtualenv/lib64/python3.6/site-packages/django/db/models/manager.py", line 82, in manager_method
    return getattr(self.get_queryset(), name)(*args, **kwargs)
  File "/var/www/html/mobilitysqr_api/mobilitysqr_staging_virtualenv/lib64/python3.6/site-packages/django/db/models/query.py", line 1133, in _insert
    return query.get_compiler(using=using).execute_sql(return_id)
  File "/var/www/html/mobilitysqr_api/mobilitysqr_staging_virtualenv/lib64/python3.6/site-packages/django/db/models/sql/compiler.py", line 1285, in execute_sql
    cursor.execute(sql, params)
  File "/var/www/html/mobilitysqr_api/mobilitysqr_staging_virtualenv/lib64/python3.6/site-packages/django/db/backends/utils.py", line 100, in execute
    return super().execute(sql, params)
  File "/var/www/html/mobilitysqr_api/mobilitysqr_staging_virtualenv/lib64/python3.6/site-packages/django/db/backends/utils.py", line 68, in execute
    return self._execute_with_wrappers(sql, params, many=False, executor=self._execute)
  File "/var/www/html/mobilitysqr_api/mobilitysqr_staging_virtualenv/lib64/python3.6/site-packages/django/db/backends/utils.py", line 77, in _execute_with_wrappers
    return executor(sql, params, many, context)
  File "/var/www/html/mobilitysqr_api/mobilitysqr_staging_virtualenv/lib64/python3.6/site-packages/django/db/backends/utils.py", line 85, in _execute
    return self.cursor.execute(sql, params)
  File "/var/www/html/mobilitysqr_api/mobilitysqr_staging_virtualenv/lib64/python3.6/site-packages/django/db/utils.py", line 89, in __exit__
    raise dj_exc_value.with_traceback(traceback) from exc_value
  File "/var/www/html/mobilitysqr_api/mobilitysqr_staging_virtualenv/lib64/python3.6/site-packages/django/db/backends/utils.py", line 85, in _execute
    return self.cursor.execute(sql, params)
django.db.utils.IntegrityError: duplicate key value violates unique constraint "travel_travel_request_pkey"
DETAIL:  Key (id)=(11) already exists.

ERROR|18/May/2021 12:11:16|basehttp|556236|140258238252800|"POST /get_add/travel_request/ HTTP/1.1" 500 22878
ERROR|18/May/2021 12:11:24|log|556236|140258238252800|Internal Server Error: /get_add/travel_request/
Traceback (most recent call last):
  File "/var/www/html/mobilitysqr_api/mobilitysqr_staging_virtualenv/lib64/python3.6/site-packages/django/db/backends/utils.py", line 85, in _execute
    return self.cursor.execute(sql, params)
psycopg2.errors.UniqueViolation: duplicate key value violates unique constraint "travel_travel_request_pkey"
DETAIL:  Key (id)=(12) already exists.


The above exception was the direct cause of the following exception:

Traceback (most recent call last):
  File "/var/www/html/mobilitysqr_api/mobilitysqr_staging_virtualenv/lib64/python3.6/site-packages/django/core/handlers/exception.py", line 34, in inner
    response = get_response(request)
  File "/var/www/html/mobilitysqr_api/mobilitysqr_staging_virtualenv/lib64/python3.6/site-packages/django/core/handlers/base.py", line 126, in _get_response
    response = self.process_exception_by_middleware(e, request)
  File "/var/www/html/mobilitysqr_api/mobilitysqr_staging_virtualenv/lib64/python3.6/site-packages/django/core/handlers/base.py", line 124, in _get_response
    response = wrapped_callback(request, *callback_args, **callback_kwargs)
  File "/var/www/html/mobilitysqr_api/mobilitysqr_staging_virtualenv/lib64/python3.6/site-packages/django/views/decorators/csrf.py", line 54, in wrapped_view
    return view_func(*args, **kwargs)
  File "/var/www/html/mobilitysqr_api/mobilitysqr_staging_virtualenv/lib64/python3.6/site-packages/django/views/generic/base.py", line 68, in view
    return self.dispatch(request, *args, **kwargs)
  File "/var/www/html/mobilitysqr_api/mobilitysqr_staging_virtualenv/lib64/python3.6/site-packages/rest_framework/views.py", line 495, in dispatch
    response = self.handle_exception(exc)
  File "/var/www/html/mobilitysqr_api/mobilitysqr_staging_virtualenv/lib64/python3.6/site-packages/rest_framework/views.py", line 455, in handle_exception
    self.raise_uncaught_exception(exc)
  File "/var/www/html/mobilitysqr_api/mobilitysqr_staging_virtualenv/lib64/python3.6/site-packages/rest_framework/views.py", line 492, in dispatch
    response = handler(request, *args, **kwargs)
  File "/var/www/html/mobilitysqr_api/mobilitysqr_staging_virtualenv/mobilitysqr_staging/mobility_apps/travel/views.py", line 245, in post
    travel_id=serializer.save().travel_req_id
  File "/var/www/html/mobilitysqr_api/mobilitysqr_staging_virtualenv/lib64/python3.6/site-packages/rest_framework/serializers.py", line 214, in save
    self.instance = self.create(validated_data)
  File "/var/www/html/mobilitysqr_api/mobilitysqr_staging_virtualenv/lib64/python3.6/site-packages/rest_framework/serializers.py", line 943, in create
    instance = ModelClass._default_manager.create(**validated_data)
  File "/var/www/html/mobilitysqr_api/mobilitysqr_staging_virtualenv/lib64/python3.6/site-packages/django/db/models/manager.py", line 82, in manager_method
    return getattr(self.get_queryset(), name)(*args, **kwargs)
  File "/var/www/html/mobilitysqr_api/mobilitysqr_staging_virtualenv/lib64/python3.6/site-packages/django/db/models/query.py", line 413, in create
    obj.save(force_insert=True, using=self.db)
  File "/var/www/html/mobilitysqr_api/mobilitysqr_staging_virtualenv/lib64/python3.6/site-packages/django/db/models/base.py", line 717, in save
    force_update=force_update, update_fields=update_fields)
  File "/var/www/html/mobilitysqr_api/mobilitysqr_staging_virtualenv/lib64/python3.6/site-packages/django/db/models/base.py", line 747, in save_base
    updated = self._save_table(raw, cls, force_insert, force_update, using, update_fields)
  File "/var/www/html/mobilitysqr_api/mobilitysqr_staging_virtualenv/lib64/python3.6/site-packages/django/db/models/base.py", line 830, in _save_table
    result = self._do_insert(cls._base_manager, using, fields, update_pk, raw)
  File "/var/www/html/mobilitysqr_api/mobilitysqr_staging_virtualenv/lib64/python3.6/site-packages/django/db/models/base.py", line 868, in _do_insert
    using=using, raw=raw)
  File "/var/www/html/mobilitysqr_api/mobilitysqr_staging_virtualenv/lib64/python3.6/site-packages/django/db/models/manager.py", line 82, in manager_method
    return getattr(self.get_queryset(), name)(*args, **kwargs)
  File "/var/www/html/mobilitysqr_api/mobilitysqr_staging_virtualenv/lib64/python3.6/site-packages/django/db/models/query.py", line 1133, in _insert
    return query.get_compiler(using=using).execute_sql(return_id)
  File "/var/www/html/mobilitysqr_api/mobilitysqr_staging_virtualenv/lib64/python3.6/site-packages/django/db/models/sql/compiler.py", line 1285, in execute_sql
    cursor.execute(sql, params)
  File "/var/www/html/mobilitysqr_api/mobilitysqr_staging_virtualenv/lib64/python3.6/site-packages/django/db/backends/utils.py", line 100, in execute
    return super().execute(sql, params)
  File "/var/www/html/mobilitysqr_api/mobilitysqr_staging_virtualenv/lib64/python3.6/site-packages/django/db/backends/utils.py", line 68, in execute
    return self._execute_with_wrappers(sql, params, many=False, executor=self._execute)
  File "/var/www/html/mobilitysqr_api/mobilitysqr_staging_virtualenv/lib64/python3.6/site-packages/django/db/backends/utils.py", line 77, in _execute_with_wrappers
    return executor(sql, params, many, context)
  File "/var/www/html/mobilitysqr_api/mobilitysqr_staging_virtualenv/lib64/python3.6/site-packages/django/db/backends/utils.py", line 85, in _execute
    return self.cursor.execute(sql, params)
  File "/var/www/html/mobilitysqr_api/mobilitysqr_staging_virtualenv/lib64/python3.6/site-packages/django/db/utils.py", line 89, in __exit__
    raise dj_exc_value.with_traceback(traceback) from exc_value
  File "/var/www/html/mobilitysqr_api/mobilitysqr_staging_virtualenv/lib64/python3.6/site-packages/django/db/backends/utils.py", line 85, in _execute
    return self.cursor.execute(sql, params)
django.db.utils.IntegrityError: duplicate key value violates unique constraint "travel_travel_request_pkey"
DETAIL:  Key (id)=(12) already exists.

ERROR|18/May/2021 12:11:24|basehttp|556236|140258238252800|"POST /get_add/travel_request/ HTTP/1.1" 500 22878
ERROR|18/May/2021 12:11:38|log|556236|140258238252800|Internal Server Error: /get_add/travel_request/
Traceback (most recent call last):
  File "/var/www/html/mobilitysqr_api/mobilitysqr_staging_virtualenv/lib64/python3.6/site-packages/django/db/backends/utils.py", line 85, in _execute
    return self.cursor.execute(sql, params)
psycopg2.errors.UniqueViolation: duplicate key value violates unique constraint "travel_travel_request_pkey"
DETAIL:  Key (id)=(13) already exists.


The above exception was the direct cause of the following exception:

Traceback (most recent call last):
  File "/var/www/html/mobilitysqr_api/mobilitysqr_staging_virtualenv/lib64/python3.6/site-packages/django/core/handlers/exception.py", line 34, in inner
    response = get_response(request)
  File "/var/www/html/mobilitysqr_api/mobilitysqr_staging_virtualenv/lib64/python3.6/site-packages/django/core/handlers/base.py", line 126, in _get_response
    response = self.process_exception_by_middleware(e, request)
  File "/var/www/html/mobilitysqr_api/mobilitysqr_staging_virtualenv/lib64/python3.6/site-packages/django/core/handlers/base.py", line 124, in _get_response
    response = wrapped_callback(request, *callback_args, **callback_kwargs)
  File "/var/www/html/mobilitysqr_api/mobilitysqr_staging_virtualenv/lib64/python3.6/site-packages/django/views/decorators/csrf.py", line 54, in wrapped_view
    return view_func(*args, **kwargs)
  File "/var/www/html/mobilitysqr_api/mobilitysqr_staging_virtualenv/lib64/python3.6/site-packages/django/views/generic/base.py", line 68, in view
    return self.dispatch(request, *args, **kwargs)
  File "/var/www/html/mobilitysqr_api/mobilitysqr_staging_virtualenv/lib64/python3.6/site-packages/rest_framework/views.py", line 495, in dispatch
    response = self.handle_exception(exc)
  File "/var/www/html/mobilitysqr_api/mobilitysqr_staging_virtualenv/lib64/python3.6/site-packages/rest_framework/views.py", line 455, in handle_exception
    self.raise_uncaught_exception(exc)
  File "/var/www/html/mobilitysqr_api/mobilitysqr_staging_virtualenv/lib64/python3.6/site-packages/rest_framework/views.py", line 492, in dispatch
    response = handler(request, *args, **kwargs)
  File "/var/www/html/mobilitysqr_api/mobilitysqr_staging_virtualenv/mobilitysqr_staging/mobility_apps/travel/views.py", line 245, in post
    travel_id=serializer.save().travel_req_id
  File "/var/www/html/mobilitysqr_api/mobilitysqr_staging_virtualenv/lib64/python3.6/site-packages/rest_framework/serializers.py", line 214, in save
    self.instance = self.create(validated_data)
  File "/var/www/html/mobilitysqr_api/mobilitysqr_staging_virtualenv/lib64/python3.6/site-packages/rest_framework/serializers.py", line 943, in create
    instance = ModelClass._default_manager.create(**validated_data)
  File "/var/www/html/mobilitysqr_api/mobilitysqr_staging_virtualenv/lib64/python3.6/site-packages/django/db/models/manager.py", line 82, in manager_method
    return getattr(self.get_queryset(), name)(*args, **kwargs)
  File "/var/www/html/mobilitysqr_api/mobilitysqr_staging_virtualenv/lib64/python3.6/site-packages/django/db/models/query.py", line 413, in create
    obj.save(force_insert=True, using=self.db)
  File "/var/www/html/mobilitysqr_api/mobilitysqr_staging_virtualenv/lib64/python3.6/site-packages/django/db/models/base.py", line 717, in save
    force_update=force_update, update_fields=update_fields)
  File "/var/www/html/mobilitysqr_api/mobilitysqr_staging_virtualenv/lib64/python3.6/site-packages/django/db/models/base.py", line 747, in save_base
    updated = self._save_table(raw, cls, force_insert, force_update, using, update_fields)
  File "/var/www/html/mobilitysqr_api/mobilitysqr_staging_virtualenv/lib64/python3.6/site-packages/django/db/models/base.py", line 830, in _save_table
    result = self._do_insert(cls._base_manager, using, fields, update_pk, raw)
  File "/var/www/html/mobilitysqr_api/mobilitysqr_staging_virtualenv/lib64/python3.6/site-packages/django/db/models/base.py", line 868, in _do_insert
    using=using, raw=raw)
  File "/var/www/html/mobilitysqr_api/mobilitysqr_staging_virtualenv/lib64/python3.6/site-packages/django/db/models/manager.py", line 82, in manager_method
    return getattr(self.get_queryset(), name)(*args, **kwargs)
  File "/var/www/html/mobilitysqr_api/mobilitysqr_staging_virtualenv/lib64/python3.6/site-packages/django/db/models/query.py", line 1133, in _insert
    return query.get_compiler(using=using).execute_sql(return_id)
  File "/var/www/html/mobilitysqr_api/mobilitysqr_staging_virtualenv/lib64/python3.6/site-packages/django/db/models/sql/compiler.py", line 1285, in execute_sql
    cursor.execute(sql, params)
  File "/var/www/html/mobilitysqr_api/mobilitysqr_staging_virtualenv/lib64/python3.6/site-packages/django/db/backends/utils.py", line 100, in execute
    return super().execute(sql, params)
  File "/var/www/html/mobilitysqr_api/mobilitysqr_staging_virtualenv/lib64/python3.6/site-packages/django/db/backends/utils.py", line 68, in execute
    return self._execute_with_wrappers(sql, params, many=False, executor=self._execute)
  File "/var/www/html/mobilitysqr_api/mobilitysqr_staging_virtualenv/lib64/python3.6/site-packages/django/db/backends/utils.py", line 77, in _execute_with_wrappers
    return executor(sql, params, many, context)
  File "/var/www/html/mobilitysqr_api/mobilitysqr_staging_virtualenv/lib64/python3.6/site-packages/django/db/backends/utils.py", line 85, in _execute
    return self.cursor.execute(sql, params)
  File "/var/www/html/mobilitysqr_api/mobilitysqr_staging_virtualenv/lib64/python3.6/site-packages/django/db/utils.py", line 89, in __exit__
    raise dj_exc_value.with_traceback(traceback) from exc_value
  File "/var/www/html/mobilitysqr_api/mobilitysqr_staging_virtualenv/lib64/python3.6/site-packages/django/db/backends/utils.py", line 85, in _execute
    return self.cursor.execute(sql, params)
django.db.utils.IntegrityError: duplicate key value violates unique constraint "travel_travel_request_pkey"
DETAIL:  Key (id)=(13) already exists.

ERROR|18/May/2021 12:11:38|basehttp|556236|140258238252800|"POST /get_add/travel_request/ HTTP/1.1" 500 22878
ERROR|18/May/2021 12:15:02|log|556236|140258229860096|Internal Server Error: /get_add/travel_request/
Traceback (most recent call last):
  File "/var/www/html/mobilitysqr_api/mobilitysqr_staging_virtualenv/lib64/python3.6/site-packages/django/db/backends/utils.py", line 85, in _execute
    return self.cursor.execute(sql, params)
psycopg2.errors.UniqueViolation: duplicate key value violates unique constraint "travel_travel_request_pkey"
DETAIL:  Key (id)=(14) already exists.


The above exception was the direct cause of the following exception:

Traceback (most recent call last):
  File "/var/www/html/mobilitysqr_api/mobilitysqr_staging_virtualenv/lib64/python3.6/site-packages/django/core/handlers/exception.py", line 34, in inner
    response = get_response(request)
  File "/var/www/html/mobilitysqr_api/mobilitysqr_staging_virtualenv/lib64/python3.6/site-packages/django/core/handlers/base.py", line 126, in _get_response
    response = self.process_exception_by_middleware(e, request)
  File "/var/www/html/mobilitysqr_api/mobilitysqr_staging_virtualenv/lib64/python3.6/site-packages/django/core/handlers/base.py", line 124, in _get_response
    response = wrapped_callback(request, *callback_args, **callback_kwargs)
  File "/var/www/html/mobilitysqr_api/mobilitysqr_staging_virtualenv/lib64/python3.6/site-packages/django/views/decorators/csrf.py", line 54, in wrapped_view
    return view_func(*args, **kwargs)
  File "/var/www/html/mobilitysqr_api/mobilitysqr_staging_virtualenv/lib64/python3.6/site-packages/django/views/generic/base.py", line 68, in view
    return self.dispatch(request, *args, **kwargs)
  File "/var/www/html/mobilitysqr_api/mobilitysqr_staging_virtualenv/lib64/python3.6/site-packages/rest_framework/views.py", line 495, in dispatch
    response = self.handle_exception(exc)
  File "/var/www/html/mobilitysqr_api/mobilitysqr_staging_virtualenv/lib64/python3.6/site-packages/rest_framework/views.py", line 455, in handle_exception
    self.raise_uncaught_exception(exc)
  File "/var/www/html/mobilitysqr_api/mobilitysqr_staging_virtualenv/lib64/python3.6/site-packages/rest_framework/views.py", line 492, in dispatch
    response = handler(request, *args, **kwargs)
  File "/var/www/html/mobilitysqr_api/mobilitysqr_staging_virtualenv/mobilitysqr_staging/mobility_apps/travel/views.py", line 245, in post
    travel_id=serializer.save().travel_req_id
  File "/var/www/html/mobilitysqr_api/mobilitysqr_staging_virtualenv/lib64/python3.6/site-packages/rest_framework/serializers.py", line 214, in save
    self.instance = self.create(validated_data)
  File "/var/www/html/mobilitysqr_api/mobilitysqr_staging_virtualenv/lib64/python3.6/site-packages/rest_framework/serializers.py", line 943, in create
    instance = ModelClass._default_manager.create(**validated_data)
  File "/var/www/html/mobilitysqr_api/mobilitysqr_staging_virtualenv/lib64/python3.6/site-packages/django/db/models/manager.py", line 82, in manager_method
    return getattr(self.get_queryset(), name)(*args, **kwargs)
  File "/var/www/html/mobilitysqr_api/mobilitysqr_staging_virtualenv/lib64/python3.6/site-packages/django/db/models/query.py", line 413, in create
    obj.save(force_insert=True, using=self.db)
  File "/var/www/html/mobilitysqr_api/mobilitysqr_staging_virtualenv/lib64/python3.6/site-packages/django/db/models/base.py", line 717, in save
    force_update=force_update, update_fields=update_fields)
  File "/var/www/html/mobilitysqr_api/mobilitysqr_staging_virtualenv/lib64/python3.6/site-packages/django/db/models/base.py", line 747, in save_base
    updated = self._save_table(raw, cls, force_insert, force_update, using, update_fields)
  File "/var/www/html/mobilitysqr_api/mobilitysqr_staging_virtualenv/lib64/python3.6/site-packages/django/db/models/base.py", line 830, in _save_table
    result = self._do_insert(cls._base_manager, using, fields, update_pk, raw)
  File "/var/www/html/mobilitysqr_api/mobilitysqr_staging_virtualenv/lib64/python3.6/site-packages/django/db/models/base.py", line 868, in _do_insert
    using=using, raw=raw)
  File "/var/www/html/mobilitysqr_api/mobilitysqr_staging_virtualenv/lib64/python3.6/site-packages/django/db/models/manager.py", line 82, in manager_method
    return getattr(self.get_queryset(), name)(*args, **kwargs)
  File "/var/www/html/mobilitysqr_api/mobilitysqr_staging_virtualenv/lib64/python3.6/site-packages/django/db/models/query.py", line 1133, in _insert
    return query.get_compiler(using=using).execute_sql(return_id)
  File "/var/www/html/mobilitysqr_api/mobilitysqr_staging_virtualenv/lib64/python3.6/site-packages/django/db/models/sql/compiler.py", line 1285, in execute_sql
    cursor.execute(sql, params)
  File "/var/www/html/mobilitysqr_api/mobilitysqr_staging_virtualenv/lib64/python3.6/site-packages/django/db/backends/utils.py", line 100, in execute
    return super().execute(sql, params)
  File "/var/www/html/mobilitysqr_api/mobilitysqr_staging_virtualenv/lib64/python3.6/site-packages/django/db/backends/utils.py", line 68, in execute
    return self._execute_with_wrappers(sql, params, many=False, executor=self._execute)
  File "/var/www/html/mobilitysqr_api/mobilitysqr_staging_virtualenv/lib64/python3.6/site-packages/django/db/backends/utils.py", line 77, in _execute_with_wrappers
    return executor(sql, params, many, context)
  File "/var/www/html/mobilitysqr_api/mobilitysqr_staging_virtualenv/lib64/python3.6/site-packages/django/db/backends/utils.py", line 85, in _execute
    return self.cursor.execute(sql, params)
  File "/var/www/html/mobilitysqr_api/mobilitysqr_staging_virtualenv/lib64/python3.6/site-packages/django/db/utils.py", line 89, in __exit__
    raise dj_exc_value.with_traceback(traceback) from exc_value
  File "/var/www/html/mobilitysqr_api/mobilitysqr_staging_virtualenv/lib64/python3.6/site-packages/django/db/backends/utils.py", line 85, in _execute
    return self.cursor.execute(sql, params)
django.db.utils.IntegrityError: duplicate key value violates unique constraint "travel_travel_request_pkey"
DETAIL:  Key (id)=(14) already exists.

ERROR|18/May/2021 12:15:02|basehttp|556236|140258229860096|"POST /get_add/travel_request/ HTTP/1.1" 500 22878
ERROR|18/May/2021 12:15:50|log|556236|140258229860096|Internal Server Error: /get_add/travel_request/
Traceback (most recent call last):
  File "/var/www/html/mobilitysqr_api/mobilitysqr_staging_virtualenv/lib64/python3.6/site-packages/django/db/backends/utils.py", line 85, in _execute
    return self.cursor.execute(sql, params)
psycopg2.errors.UniqueViolation: duplicate key value violates unique constraint "travel_travel_request_pkey"
DETAIL:  Key (id)=(15) already exists.


The above exception was the direct cause of the following exception:

Traceback (most recent call last):
  File "/var/www/html/mobilitysqr_api/mobilitysqr_staging_virtualenv/lib64/python3.6/site-packages/django/core/handlers/exception.py", line 34, in inner
    response = get_response(request)
  File "/var/www/html/mobilitysqr_api/mobilitysqr_staging_virtualenv/lib64/python3.6/site-packages/django/core/handlers/base.py", line 126, in _get_response
    response = self.process_exception_by_middleware(e, request)
  File "/var/www/html/mobilitysqr_api/mobilitysqr_staging_virtualenv/lib64/python3.6/site-packages/django/core/handlers/base.py", line 124, in _get_response
    response = wrapped_callback(request, *callback_args, **callback_kwargs)
  File "/var/www/html/mobilitysqr_api/mobilitysqr_staging_virtualenv/lib64/python3.6/site-packages/django/views/decorators/csrf.py", line 54, in wrapped_view
    return view_func(*args, **kwargs)
  File "/var/www/html/mobilitysqr_api/mobilitysqr_staging_virtualenv/lib64/python3.6/site-packages/django/views/generic/base.py", line 68, in view
    return self.dispatch(request, *args, **kwargs)
  File "/var/www/html/mobilitysqr_api/mobilitysqr_staging_virtualenv/lib64/python3.6/site-packages/rest_framework/views.py", line 495, in dispatch
    response = self.handle_exception(exc)
  File "/var/www/html/mobilitysqr_api/mobilitysqr_staging_virtualenv/lib64/python3.6/site-packages/rest_framework/views.py", line 455, in handle_exception
    self.raise_uncaught_exception(exc)
  File "/var/www/html/mobilitysqr_api/mobilitysqr_staging_virtualenv/lib64/python3.6/site-packages/rest_framework/views.py", line 492, in dispatch
    response = handler(request, *args, **kwargs)
  File "/var/www/html/mobilitysqr_api/mobilitysqr_staging_virtualenv/mobilitysqr_staging/mobility_apps/travel/views.py", line 245, in post
    travel_id=serializer.save().travel_req_id
  File "/var/www/html/mobilitysqr_api/mobilitysqr_staging_virtualenv/lib64/python3.6/site-packages/rest_framework/serializers.py", line 214, in save
    self.instance = self.create(validated_data)
  File "/var/www/html/mobilitysqr_api/mobilitysqr_staging_virtualenv/lib64/python3.6/site-packages/rest_framework/serializers.py", line 943, in create
    instance = ModelClass._default_manager.create(**validated_data)
  File "/var/www/html/mobilitysqr_api/mobilitysqr_staging_virtualenv/lib64/python3.6/site-packages/django/db/models/manager.py", line 82, in manager_method
    return getattr(self.get_queryset(), name)(*args, **kwargs)
  File "/var/www/html/mobilitysqr_api/mobilitysqr_staging_virtualenv/lib64/python3.6/site-packages/django/db/models/query.py", line 413, in create
    obj.save(force_insert=True, using=self.db)
  File "/var/www/html/mobilitysqr_api/mobilitysqr_staging_virtualenv/lib64/python3.6/site-packages/django/db/models/base.py", line 717, in save
    force_update=force_update, update_fields=update_fields)
  File "/var/www/html/mobilitysqr_api/mobilitysqr_staging_virtualenv/lib64/python3.6/site-packages/django/db/models/base.py", line 747, in save_base
    updated = self._save_table(raw, cls, force_insert, force_update, using, update_fields)
  File "/var/www/html/mobilitysqr_api/mobilitysqr_staging_virtualenv/lib64/python3.6/site-packages/django/db/models/base.py", line 830, in _save_table
    result = self._do_insert(cls._base_manager, using, fields, update_pk, raw)
  File "/var/www/html/mobilitysqr_api/mobilitysqr_staging_virtualenv/lib64/python3.6/site-packages/django/db/models/base.py", line 868, in _do_insert
    using=using, raw=raw)
  File "/var/www/html/mobilitysqr_api/mobilitysqr_staging_virtualenv/lib64/python3.6/site-packages/django/db/models/manager.py", line 82, in manager_method
    return getattr(self.get_queryset(), name)(*args, **kwargs)
  File "/var/www/html/mobilitysqr_api/mobilitysqr_staging_virtualenv/lib64/python3.6/site-packages/django/db/models/query.py", line 1133, in _insert
    return query.get_compiler(using=using).execute_sql(return_id)
  File "/var/www/html/mobilitysqr_api/mobilitysqr_staging_virtualenv/lib64/python3.6/site-packages/django/db/models/sql/compiler.py", line 1285, in execute_sql
    cursor.execute(sql, params)
  File "/var/www/html/mobilitysqr_api/mobilitysqr_staging_virtualenv/lib64/python3.6/site-packages/django/db/backends/utils.py", line 100, in execute
    return super().execute(sql, params)
  File "/var/www/html/mobilitysqr_api/mobilitysqr_staging_virtualenv/lib64/python3.6/site-packages/django/db/backends/utils.py", line 68, in execute
    return self._execute_with_wrappers(sql, params, many=False, executor=self._execute)
  File "/var/www/html/mobilitysqr_api/mobilitysqr_staging_virtualenv/lib64/python3.6/site-packages/django/db/backends/utils.py", line 77, in _execute_with_wrappers
    return executor(sql, params, many, context)
  File "/var/www/html/mobilitysqr_api/mobilitysqr_staging_virtualenv/lib64/python3.6/site-packages/django/db/backends/utils.py", line 85, in _execute
    return self.cursor.execute(sql, params)
  File "/var/www/html/mobilitysqr_api/mobilitysqr_staging_virtualenv/lib64/python3.6/site-packages/django/db/utils.py", line 89, in __exit__
    raise dj_exc_value.with_traceback(traceback) from exc_value
  File "/var/www/html/mobilitysqr_api/mobilitysqr_staging_virtualenv/lib64/python3.6/site-packages/django/db/backends/utils.py", line 85, in _execute
    return self.cursor.execute(sql, params)
django.db.utils.IntegrityError: duplicate key value violates unique constraint "travel_travel_request_pkey"
DETAIL:  Key (id)=(15) already exists.

ERROR|18/May/2021 12:15:50|basehttp|556236|140258229860096|"POST /get_add/travel_request/ HTTP/1.1" 500 22878
